<html xmlns:math="http://exslt.org/math" xmlns:testng="http://testng.org">
   <head>
      <title>TestNG Results</title>
      <meta http-equiv="content-type" content="text/html; charset=utf-8"></meta>
      <meta http-equiv="pragma" content="no-cache"></meta>
      <meta http-equiv="cache-control" content="max-age=0"></meta>
      <meta http-equiv="cache-control" content="no-cache"></meta>
      <meta http-equiv="cache-control" content="no-store"></meta>
      <LINK rel="stylesheet" href="style.css"></LINK>
      <script type="text/javascript" src="main.js"></script>
   </head>
   <body>
      <table width="100%" style="font-size: 16px; margin-bottom: 10px;" cellspacing="1">
         <tr>
            <td width="100%">
               All methods in suite
               
               <b>Smoke Test</b>
            </td>
            <td style="background-color: #FFBBBB; padding: 3px 3px 3px 0;" align="center">
               <div style="width: 50px;">6</div>
            </td>
            <td style="background-color: lightgreen; padding: 3px 3px 3px 0;" align="center">
               <div style="width: 50px;">19</div>
            </td>
            <td style="background-color: #FFFFBB; padding: 3px 3px 3px 0;" align="center">
               <div style="width: 50px;">0</div>
            </td>
            <td align="center" style="background-color: #eaf0f7; padding: 3px 3px 3px 0;">
               <div style="width: 50px;">25</div>
            </td>
            <td align="center"
                style="font-weight: bold; background-color: #eaf0f7; padding: 3px 3px 3px 0;">
               <div style="width: 50px;">76%</div>
            </td>
            <td style="background-color: #eaf0f7; padding: 3px 3px 3px 0;" align="center"
                nowrap="true">1m
               9s
               
            </td>
         </tr>
      </table>
      <div style="width: 200px;">
         <label for="groupMethodsCheckBox" style="font-weight: bold; margin: 0;">
            <input id="groupMethodsCheckBox" type="checkbox" onclick="switchTestMethodsView(this)"
                   checked=""></input>
            Group by class
            
         </label>
         <br></br>
         <label for="methodsFilter_ALL" style="font-weight: bold; margin: 0;">
            <input id="methodsFilter_ALL" type="checkbox"
                   onclick="testMethodsFilterChanged(this, 'ALL')"
                   checked=""></input>
            All
            
         </label>
      </div>
      <label for="methodsFilter_FAIL" style="margin-left: 20px;">
         <input id="methodsFilter_FAIL" type="checkbox"
                onclick="testMethodsFilterChanged(this, 'FAIL')"
                checked=""></input>
         Failed
         
      </label>
      <label for="methodsFilter_PASS">
         <input id="methodsFilter_PASS" type="checkbox"
                onclick="testMethodsFilterChanged(this, 'PASS')"
                checked=""></input>
         Passed
         
      </label>
      <label for="methodsFilter_SKIP">
         <input id="methodsFilter_SKIP" type="checkbox"
                onclick="testMethodsFilterChanged(this, 'SKIP')"
                checked=""></input>
         Skipped
         
      </label>
      <label for="methodsFilter_CONF">
         <input id="methodsFilter_CONF" type="checkbox"
                onclick="testMethodsFilterChanged(this, 'CONF')"
                checked=""></input>
         Config
         
      </label>
      <br></br>
      <div id="testMethodsByStatus" style="display: none;">
         <table class="testMethodsTable" cellpadding="0" cellspacing="0">
            <tr class="methodsTableHeader">
               <td width="100%">Name</td>
               <td nowrap="true">Started</td>
               <td nowrap="true">Duration</td>
               <td>Exception</td>
            </tr>
            <tr id="accountSettings.UploadImage_click_MyAccountTab_byStatus_failed_FAIL1_row"
                class="testMethodStatusFAIL">
               <td width="100%" class="firstMethodCell">
                  <a onclick="toggleDetailsVisibility('accountSettings.UploadImage_click_MyAccountTab_byStatus_failed_FAIL1_details')">click_MyAccountTab()</a>
               </td>
               <td nowrap="true">12:21:16</td>
               <td nowrap="true" align="right">45 ms
                  
               </td>
               <td nowrap="true">
                  <a onclick="toggleDetailsVisibility('accountSettings.UploadImage_click_MyAccountTab_byStatus_failed_FAIL1_exception')">org.openqa.selenium.UnhandledAlertException: 
                     unexpected alert open: {Alert text : 2 of 2 Consignments doesn't have pricing  contract  Or Consignments having Past date.
                     This consignments are not uploaded.}
                     (Session info: chrome=59.0.3071.115)
                     (Driver info: chromedriver=2.30.477700 (0057494ad8732195794a7b32078424f92a5fce41),platform=Windows NT 6.1.7601 SP1 x86_64)
                     (WARNING: The server did not provide any stacktrace information)
                     Command duration or timeout: 23 milliseconds: null
                     Build info: version: '3.4.0', revision: 'unknown', time: 'unknown'
                     System info: host: 'SRANI', ip: '192.168.131.86', os.name: 'Windows 7', os.arch: 'amd64', os.version: '6.1', java.version:
                     '1.8.0_131'
                     Driver info: org.openqa.selenium.chrome.ChromeDriver
                     Capabilities [{applicationCacheEnabled=false, rotatable=false, mobileEmulationEnabled=false, networkConnectionEnabled=false,
                     chrome={chromedriverVersion=2.30.477700 (0057494ad8732195794a7b32078424f92a5fce41), userDataDir=C:\Users\SANDHY~1\AppData\Local\Temp\scoped_dir74296_24245},
                     takesHeapSnapshot=true, pageLoadStrategy=normal, databaseEnabled=false, handlesAlerts=true, hasTouchScreen=false, version=59.0.3071.115,
                     platform=XP, browserConnectionEnabled=false, nativeEvents=true, acceptSslCerts=true, locationContextEnabled=true, webStorageEnabled=true,
                     browserName=chrome, takesScreenshot=true, javascriptEnabled=true, cssSelectorsEnabled=true, unexpectedAlertBehaviour=}]
                     Session ID: 5e92a32c58d6febbd69d74ed8b95c740
                     *** Element info: {Using=id, value=lnkAccount}
                     
                  </a>
                   
                  
               </td>
            </tr>
            <tr>
               <td colspan="4" class="detailsBox">
                  <div id="accountSettings.UploadImage_click_MyAccountTab_byStatus_failed_FAIL1_details"
                       class="testMethodDetails">
                     <div>
                        <b>Name: </b>click_MyAccountTab
                     </div>
                     <div>
                        <b>Signature: </b>click_MyAccountTab()[pri:0, instance:accountSettings.UploadImage@cc285f4]
                     </div>
                     <div>
                        <b>Start time: </b>12:21:16
                     </div>
                     <div>
                        <b>End time: </b>12:21:16
                     </div>
                     <div>
                        <b>Duration: </b>45 ms
                        
                     </div>
                  </div>
               </td>
            </tr>
            <tr>
               <td colspan="4" class="detailsBox">
                  <div id="accountSettings.UploadImage_click_MyAccountTab_byStatus_failed_FAIL1_exception"
                       class="testMethodDetails">
                     <pre style="padding: 5px; margin: 0;">org.openqa.selenium.UnhandledAlertException: unexpected alert open: {Alert text : 2 of 2 Consignments doesn't have pricing
                        contract  Or Consignments having Past date. This consignments are not uploaded.}
                        (Session info: chrome=59.0.3071.115)
                        (Driver info: chromedriver=2.30.477700 (0057494ad8732195794a7b32078424f92a5fce41),platform=Windows NT 6.1.7601 SP1 x86_64)
                        (WARNING: The server did not provide any stacktrace information)
                        Command duration or timeout: 23 milliseconds: null
                        Build info: version: '3.4.0', revision: 'unknown', time: 'unknown'
                        System info: host: 'SRANI', ip: '192.168.131.86', os.name: 'Windows 7', os.arch: 'amd64', os.version: '6.1', java.version:
                        '1.8.0_131'
                        Driver info: org.openqa.selenium.chrome.ChromeDriver
                        Capabilities [{applicationCacheEnabled=false, rotatable=false, mobileEmulationEnabled=false, networkConnectionEnabled=false,
                        chrome={chromedriverVersion=2.30.477700 (0057494ad8732195794a7b32078424f92a5fce41), userDataDir=C:\Users\SANDHY~1\AppData\Local\Temp\scoped_dir74296_24245},
                        takesHeapSnapshot=true, pageLoadStrategy=normal, databaseEnabled=false, handlesAlerts=true, hasTouchScreen=false, version=59.0.3071.115,
                        platform=XP, browserConnectionEnabled=false, nativeEvents=true, acceptSslCerts=true, locationContextEnabled=true, webStorageEnabled=true,
                        browserName=chrome, takesScreenshot=true, javascriptEnabled=true, cssSelectorsEnabled=true, unexpectedAlertBehaviour=}]
                        Session ID: 5e92a32c58d6febbd69d74ed8b95c740
                        *** Element info: {Using=id, value=lnkAccount}
                        	at sun.reflect.NativeConstructorAccessorImpl.newInstance0(Native Method)
                        	at sun.reflect.NativeConstructorAccessorImpl.newInstance(Unknown Source)
                        	at sun.reflect.DelegatingConstructorAccessorImpl.newInstance(Unknown Source)
                        	at java.lang.reflect.Constructor.newInstance(Unknown Source)
                        	at org.openqa.selenium.remote.ErrorHandler.createThrowable(ErrorHandler.java:215)
                        	at org.openqa.selenium.remote.ErrorHandler.throwIfResponseFailed(ErrorHandler.java:173)
                        	at org.openqa.selenium.remote.RemoteWebDriver.execute(RemoteWebDriver.java:671)
                        	at org.openqa.selenium.remote.RemoteWebDriver.findElement(RemoteWebDriver.java:410)
                        	at org.openqa.selenium.remote.RemoteWebDriver.findElementById(RemoteWebDriver.java:453)
                        	at org.openqa.selenium.By$ById.findElement(By.java:218)
                        	at org.openqa.selenium.remote.RemoteWebDriver.findElement(RemoteWebDriver.java:402)
                        	at accountSettings.UploadImage.click_MyAccountTab(UploadImage.java:32)
                        	at sun.reflect.NativeMethodAccessorImpl.invoke0(Native Method)
                        	at sun.reflect.NativeMethodAccessorImpl.invoke(Unknown Source)
                        	at sun.reflect.DelegatingMethodAccessorImpl.invoke(Unknown Source)
                        	at java.lang.reflect.Method.invoke(Unknown Source)
                        	at org.testng.internal.MethodInvocationHelper.invokeMethod(MethodInvocationHelper.java:108)
                        	at org.testng.internal.Invoker.invokeMethod(Invoker.java:661)
                        	at org.testng.internal.Invoker.invokeTestMethod(Invoker.java:869)
                        	at org.testng.internal.Invoker.invokeTestMethods(Invoker.java:1193)
                        	at org.testng.internal.TestMethodWorker.invokeTestMethods(TestMethodWorker.java:126)
                        	at org.testng.internal.TestMethodWorker.run(TestMethodWorker.java:109)
                        	at org.testng.TestRunner.privateRun(TestRunner.java:744)
                        	at org.testng.TestRunner.run(TestRunner.java:602)
                        	at org.testng.SuiteRunner.runTest(SuiteRunner.java:380)
                        	at org.testng.SuiteRunner.runSequentially(SuiteRunner.java:375)
                        	at org.testng.SuiteRunner.privateRun(SuiteRunner.java:340)
                        	at org.testng.SuiteRunner.run(SuiteRunner.java:289)
                        	at org.testng.SuiteRunnerWorker.runSuite(SuiteRunnerWorker.java:52)
                        	at org.testng.SuiteRunnerWorker.run(SuiteRunnerWorker.java:86)
                        	at org.testng.TestNG.runSuitesSequentially(TestNG.java:1301)
                        	at org.testng.TestNG.runSuitesLocally(TestNG.java:1226)
                        	at org.testng.TestNG.runSuites(TestNG.java:1144)
                        	at org.testng.TestNG.run(TestNG.java:1115)
                        	at org.testng.remote.AbstractRemoteTestNG.run(AbstractRemoteTestNG.java:132)
                        	at org.testng.remote.RemoteTestNG.initAndRun(RemoteTestNG.java:230)
                        	at org.testng.remote.RemoteTestNG.main(RemoteTestNG.java:76)
                     </pre>
                  </div>
               </td>
            </tr>
            <tr id="accountSettings.UploadImage_click_BrowseImage_byStatus_failed_FAIL2_row"
                class="testMethodStatusFAIL">
               <td width="100%" class="firstMethodCell">
                  <a onclick="toggleDetailsVisibility('accountSettings.UploadImage_click_BrowseImage_byStatus_failed_FAIL2_details')">click_BrowseImage()</a>
               </td>
               <td nowrap="true">12:21:16</td>
               <td nowrap="true" align="right">24 ms
                  
               </td>
               <td nowrap="true">
                  <a onclick="toggleDetailsVisibility('accountSettings.UploadImage_click_BrowseImage_byStatus_failed_FAIL2_exception')">org.openqa.selenium.UnhandledAlertException: 
                     unexpected alert open: {Alert text : 2 of 2 Consignments doesn't have pricing  contract  Or Consignments having Past date.
                     This consignments are not uploaded.}
                     (Session info: chrome=59.0.3071.115)
                     (Driver info: chromedriver=2.30.477700 (0057494ad8732195794a7b32078424f92a5fce41),platform=Windows NT 6.1.7601 SP1 x86_64)
                     (WARNING: The server did not provide any stacktrace information)
                     Command duration or timeout: 16 milliseconds: null
                     Build info: version: '3.4.0', revision: 'unknown', time: 'unknown'
                     System info: host: 'SRANI', ip: '192.168.131.86', os.name: 'Windows 7', os.arch: 'amd64', os.version: '6.1', java.version:
                     '1.8.0_131'
                     Driver info: org.openqa.selenium.chrome.ChromeDriver
                     Capabilities [{applicationCacheEnabled=false, rotatable=false, mobileEmulationEnabled=false, networkConnectionEnabled=false,
                     chrome={chromedriverVersion=2.30.477700 (0057494ad8732195794a7b32078424f92a5fce41), userDataDir=C:\Users\SANDHY~1\AppData\Local\Temp\scoped_dir74296_24245},
                     takesHeapSnapshot=true, pageLoadStrategy=normal, databaseEnabled=false, handlesAlerts=true, hasTouchScreen=false, version=59.0.3071.115,
                     platform=XP, browserConnectionEnabled=false, nativeEvents=true, acceptSslCerts=true, locationContextEnabled=true, webStorageEnabled=true,
                     browserName=chrome, takesScreenshot=true, javascriptEnabled=true, cssSelectorsEnabled=true, unexpectedAlertBehaviour=}]
                     Session ID: 5e92a32c58d6febbd69d74ed8b95c740
                     *** Element info: {Using=xpath, value=id('btnProfilepic')}
                     
                  </a>
                   
                  
               </td>
            </tr>
            <tr>
               <td colspan="4" class="detailsBox">
                  <div id="accountSettings.UploadImage_click_BrowseImage_byStatus_failed_FAIL2_details"
                       class="testMethodDetails">
                     <div>
                        <b>Name: </b>click_BrowseImage
                     </div>
                     <div>
                        <b>Signature: </b>click_BrowseImage()[pri:1, instance:accountSettings.UploadImage@cc285f4]
                     </div>
                     <div>
                        <b>Start time: </b>12:21:16
                     </div>
                     <div>
                        <b>End time: </b>12:21:16
                     </div>
                     <div>
                        <b>Duration: </b>24 ms
                        
                     </div>
                  </div>
               </td>
            </tr>
            <tr>
               <td colspan="4" class="detailsBox">
                  <div id="accountSettings.UploadImage_click_BrowseImage_byStatus_failed_FAIL2_exception"
                       class="testMethodDetails">
                     <pre style="padding: 5px; margin: 0;">org.openqa.selenium.UnhandledAlertException: unexpected alert open: {Alert text : 2 of 2 Consignments doesn't have pricing
                        contract  Or Consignments having Past date. This consignments are not uploaded.}
                        (Session info: chrome=59.0.3071.115)
                        (Driver info: chromedriver=2.30.477700 (0057494ad8732195794a7b32078424f92a5fce41),platform=Windows NT 6.1.7601 SP1 x86_64)
                        (WARNING: The server did not provide any stacktrace information)
                        Command duration or timeout: 16 milliseconds: null
                        Build info: version: '3.4.0', revision: 'unknown', time: 'unknown'
                        System info: host: 'SRANI', ip: '192.168.131.86', os.name: 'Windows 7', os.arch: 'amd64', os.version: '6.1', java.version:
                        '1.8.0_131'
                        Driver info: org.openqa.selenium.chrome.ChromeDriver
                        Capabilities [{applicationCacheEnabled=false, rotatable=false, mobileEmulationEnabled=false, networkConnectionEnabled=false,
                        chrome={chromedriverVersion=2.30.477700 (0057494ad8732195794a7b32078424f92a5fce41), userDataDir=C:\Users\SANDHY~1\AppData\Local\Temp\scoped_dir74296_24245},
                        takesHeapSnapshot=true, pageLoadStrategy=normal, databaseEnabled=false, handlesAlerts=true, hasTouchScreen=false, version=59.0.3071.115,
                        platform=XP, browserConnectionEnabled=false, nativeEvents=true, acceptSslCerts=true, locationContextEnabled=true, webStorageEnabled=true,
                        browserName=chrome, takesScreenshot=true, javascriptEnabled=true, cssSelectorsEnabled=true, unexpectedAlertBehaviour=}]
                        Session ID: 5e92a32c58d6febbd69d74ed8b95c740
                        *** Element info: {Using=xpath, value=id('btnProfilepic')}
                        	at sun.reflect.NativeConstructorAccessorImpl.newInstance0(Native Method)
                        	at sun.reflect.NativeConstructorAccessorImpl.newInstance(Unknown Source)
                        	at sun.reflect.DelegatingConstructorAccessorImpl.newInstance(Unknown Source)
                        	at java.lang.reflect.Constructor.newInstance(Unknown Source)
                        	at org.openqa.selenium.remote.ErrorHandler.createThrowable(ErrorHandler.java:215)
                        	at org.openqa.selenium.remote.ErrorHandler.throwIfResponseFailed(ErrorHandler.java:173)
                        	at org.openqa.selenium.remote.RemoteWebDriver.execute(RemoteWebDriver.java:671)
                        	at org.openqa.selenium.remote.RemoteWebDriver.findElement(RemoteWebDriver.java:410)
                        	at org.openqa.selenium.remote.RemoteWebDriver.findElementByXPath(RemoteWebDriver.java:509)
                        	at org.openqa.selenium.By$ByXPath.findElement(By.java:361)
                        	at org.openqa.selenium.remote.RemoteWebDriver.findElement(RemoteWebDriver.java:402)
                        	at accountSettings.UploadImage.click_BrowseImage(UploadImage.java:40)
                        	at sun.reflect.NativeMethodAccessorImpl.invoke0(Native Method)
                        	at sun.reflect.NativeMethodAccessorImpl.invoke(Unknown Source)
                        	at sun.reflect.DelegatingMethodAccessorImpl.invoke(Unknown Source)
                        	at java.lang.reflect.Method.invoke(Unknown Source)
                        	at org.testng.internal.MethodInvocationHelper.invokeMethod(MethodInvocationHelper.java:108)
                        	at org.testng.internal.Invoker.invokeMethod(Invoker.java:661)
                        	at org.testng.internal.Invoker.invokeTestMethod(Invoker.java:869)
                        	at org.testng.internal.Invoker.invokeTestMethods(Invoker.java:1193)
                        	at org.testng.internal.TestMethodWorker.invokeTestMethods(TestMethodWorker.java:126)
                        	at org.testng.internal.TestMethodWorker.run(TestMethodWorker.java:109)
                        	at org.testng.TestRunner.privateRun(TestRunner.java:744)
                        	at org.testng.TestRunner.run(TestRunner.java:602)
                        	at org.testng.SuiteRunner.runTest(SuiteRunner.java:380)
                        	at org.testng.SuiteRunner.runSequentially(SuiteRunner.java:375)
                        	at org.testng.SuiteRunner.privateRun(SuiteRunner.java:340)
                        	at org.testng.SuiteRunner.run(SuiteRunner.java:289)
                        	at org.testng.SuiteRunnerWorker.runSuite(SuiteRunnerWorker.java:52)
                        	at org.testng.SuiteRunnerWorker.run(SuiteRunnerWorker.java:86)
                        	at org.testng.TestNG.runSuitesSequentially(TestNG.java:1301)
                        	at org.testng.TestNG.runSuitesLocally(TestNG.java:1226)
                        	at org.testng.TestNG.runSuites(TestNG.java:1144)
                        	at org.testng.TestNG.run(TestNG.java:1115)
                        	at org.testng.remote.AbstractRemoteTestNG.run(AbstractRemoteTestNG.java:132)
                        	at org.testng.remote.RemoteTestNG.initAndRun(RemoteTestNG.java:230)
                        	at org.testng.remote.RemoteTestNG.main(RemoteTestNG.java:76)
                     </pre>
                  </div>
               </td>
            </tr>
            <tr id="accountSettings.UpdateAccountDetails_click_MyAccount_Edit_byStatus_failed_FAIL3_row"
                class="testMethodStatusFAIL">
               <td width="100%" class="firstMethodCell">
                  <a onclick="toggleDetailsVisibility('accountSettings.UpdateAccountDetails_click_MyAccount_Edit_byStatus_failed_FAIL3_details')">click_MyAccount_Edit()</a>
               </td>
               <td nowrap="true">12:21:16</td>
               <td nowrap="true" align="right">30 ms
                  
               </td>
               <td nowrap="true">
                  <a onclick="toggleDetailsVisibility('accountSettings.UpdateAccountDetails_click_MyAccount_Edit_byStatus_failed_FAIL3_exception')">org.openqa.selenium.UnhandledAlertException: 
                     unexpected alert open: {Alert text : 2 of 2 Consignments doesn't have pricing  contract  Or Consignments having Past date.
                     This consignments are not uploaded.}
                     (Session info: chrome=59.0.3071.115)
                     (Driver info: chromedriver=2.30.477700 (0057494ad8732195794a7b32078424f92a5fce41),platform=Windows NT 6.1.7601 SP1 x86_64)
                     (WARNING: The server did not provide any stacktrace information)
                     Command duration or timeout: 10 milliseconds: null
                     Build info: version: '3.4.0', revision: 'unknown', time: 'unknown'
                     System info: host: 'SRANI', ip: '192.168.131.86', os.name: 'Windows 7', os.arch: 'amd64', os.version: '6.1', java.version:
                     '1.8.0_131'
                     Driver info: org.openqa.selenium.chrome.ChromeDriver
                     Capabilities [{applicationCacheEnabled=false, rotatable=false, mobileEmulationEnabled=false, networkConnectionEnabled=false,
                     chrome={chromedriverVersion=2.30.477700 (0057494ad8732195794a7b32078424f92a5fce41), userDataDir=C:\Users\SANDHY~1\AppData\Local\Temp\scoped_dir74296_24245},
                     takesHeapSnapshot=true, pageLoadStrategy=normal, databaseEnabled=false, handlesAlerts=true, hasTouchScreen=false, version=59.0.3071.115,
                     platform=XP, browserConnectionEnabled=false, nativeEvents=true, acceptSslCerts=true, locationContextEnabled=true, webStorageEnabled=true,
                     browserName=chrome, takesScreenshot=true, javascriptEnabled=true, cssSelectorsEnabled=true, unexpectedAlertBehaviour=}]
                     Session ID: 5e92a32c58d6febbd69d74ed8b95c740
                     *** Element info: {Using=css selector, value=a.btn.btn-small.pull-right}
                     
                  </a>
                   
                  
               </td>
            </tr>
            <tr>
               <td colspan="4" class="detailsBox">
                  <div id="accountSettings.UpdateAccountDetails_click_MyAccount_Edit_byStatus_failed_FAIL3_details"
                       class="testMethodDetails">
                     <div>
                        <b>Name: </b>click_MyAccount_Edit
                     </div>
                     <div>
                        <b>Signature: </b>click_MyAccount_Edit()[pri:0, instance:accountSettings.UpdateAccountDetails@1d057a39]
                     </div>
                     <div>
                        <b>Start time: </b>12:21:16
                     </div>
                     <div>
                        <b>End time: </b>12:21:16
                     </div>
                     <div>
                        <b>Duration: </b>30 ms
                        
                     </div>
                  </div>
               </td>
            </tr>
            <tr>
               <td colspan="4" class="detailsBox">
                  <div id="accountSettings.UpdateAccountDetails_click_MyAccount_Edit_byStatus_failed_FAIL3_exception"
                       class="testMethodDetails">
                     <pre style="padding: 5px; margin: 0;">org.openqa.selenium.UnhandledAlertException: unexpected alert open: {Alert text : 2 of 2 Consignments doesn't have pricing
                        contract  Or Consignments having Past date. This consignments are not uploaded.}
                        (Session info: chrome=59.0.3071.115)
                        (Driver info: chromedriver=2.30.477700 (0057494ad8732195794a7b32078424f92a5fce41),platform=Windows NT 6.1.7601 SP1 x86_64)
                        (WARNING: The server did not provide any stacktrace information)
                        Command duration or timeout: 10 milliseconds: null
                        Build info: version: '3.4.0', revision: 'unknown', time: 'unknown'
                        System info: host: 'SRANI', ip: '192.168.131.86', os.name: 'Windows 7', os.arch: 'amd64', os.version: '6.1', java.version:
                        '1.8.0_131'
                        Driver info: org.openqa.selenium.chrome.ChromeDriver
                        Capabilities [{applicationCacheEnabled=false, rotatable=false, mobileEmulationEnabled=false, networkConnectionEnabled=false,
                        chrome={chromedriverVersion=2.30.477700 (0057494ad8732195794a7b32078424f92a5fce41), userDataDir=C:\Users\SANDHY~1\AppData\Local\Temp\scoped_dir74296_24245},
                        takesHeapSnapshot=true, pageLoadStrategy=normal, databaseEnabled=false, handlesAlerts=true, hasTouchScreen=false, version=59.0.3071.115,
                        platform=XP, browserConnectionEnabled=false, nativeEvents=true, acceptSslCerts=true, locationContextEnabled=true, webStorageEnabled=true,
                        browserName=chrome, takesScreenshot=true, javascriptEnabled=true, cssSelectorsEnabled=true, unexpectedAlertBehaviour=}]
                        Session ID: 5e92a32c58d6febbd69d74ed8b95c740
                        *** Element info: {Using=css selector, value=a.btn.btn-small.pull-right}
                        	at sun.reflect.NativeConstructorAccessorImpl.newInstance0(Native Method)
                        	at sun.reflect.NativeConstructorAccessorImpl.newInstance(Unknown Source)
                        	at sun.reflect.DelegatingConstructorAccessorImpl.newInstance(Unknown Source)
                        	at java.lang.reflect.Constructor.newInstance(Unknown Source)
                        	at org.openqa.selenium.remote.ErrorHandler.createThrowable(ErrorHandler.java:215)
                        	at org.openqa.selenium.remote.ErrorHandler.throwIfResponseFailed(ErrorHandler.java:173)
                        	at org.openqa.selenium.remote.RemoteWebDriver.execute(RemoteWebDriver.java:671)
                        	at org.openqa.selenium.remote.RemoteWebDriver.findElement(RemoteWebDriver.java:410)
                        	at org.openqa.selenium.remote.RemoteWebDriver.findElementByCssSelector(RemoteWebDriver.java:501)
                        	at org.openqa.selenium.By$ByCssSelector.findElement(By.java:430)
                        	at org.openqa.selenium.remote.RemoteWebDriver.findElement(RemoteWebDriver.java:402)
                        	at accountSettings.UpdateAccountDetails.click_MyAccount_Edit(UpdateAccountDetails.java:33)
                        	at sun.reflect.NativeMethodAccessorImpl.invoke0(Native Method)
                        	at sun.reflect.NativeMethodAccessorImpl.invoke(Unknown Source)
                        	at sun.reflect.DelegatingMethodAccessorImpl.invoke(Unknown Source)
                        	at java.lang.reflect.Method.invoke(Unknown Source)
                        	at org.testng.internal.MethodInvocationHelper.invokeMethod(MethodInvocationHelper.java:108)
                        	at org.testng.internal.Invoker.invokeMethod(Invoker.java:661)
                        	at org.testng.internal.Invoker.invokeTestMethod(Invoker.java:869)
                        	at org.testng.internal.Invoker.invokeTestMethods(Invoker.java:1193)
                        	at org.testng.internal.TestMethodWorker.invokeTestMethods(TestMethodWorker.java:126)
                        	at org.testng.internal.TestMethodWorker.run(TestMethodWorker.java:109)
                        	at org.testng.TestRunner.privateRun(TestRunner.java:744)
                        	at org.testng.TestRunner.run(TestRunner.java:602)
                        	at org.testng.SuiteRunner.runTest(SuiteRunner.java:380)
                        	at org.testng.SuiteRunner.runSequentially(SuiteRunner.java:375)
                        	at org.testng.SuiteRunner.privateRun(SuiteRunner.java:340)
                        	at org.testng.SuiteRunner.run(SuiteRunner.java:289)
                        	at org.testng.SuiteRunnerWorker.runSuite(SuiteRunnerWorker.java:52)
                        	at org.testng.SuiteRunnerWorker.run(SuiteRunnerWorker.java:86)
                        	at org.testng.TestNG.runSuitesSequentially(TestNG.java:1301)
                        	at org.testng.TestNG.runSuitesLocally(TestNG.java:1226)
                        	at org.testng.TestNG.runSuites(TestNG.java:1144)
                        	at org.testng.TestNG.run(TestNG.java:1115)
                        	at org.testng.remote.AbstractRemoteTestNG.run(AbstractRemoteTestNG.java:132)
                        	at org.testng.remote.RemoteTestNG.initAndRun(RemoteTestNG.java:230)
                        	at org.testng.remote.RemoteTestNG.main(RemoteTestNG.java:76)
                     </pre>
                  </div>
               </td>
            </tr>
            <tr id="accountSettings.UpdateAccountDetails_update_name_byStatus_failed_FAIL4_row"
                class="testMethodStatusFAIL">
               <td width="100%" class="firstMethodCell">
                  <a onclick="toggleDetailsVisibility('accountSettings.UpdateAccountDetails_update_name_byStatus_failed_FAIL4_details')">update_name()</a>
               </td>
               <td nowrap="true">12:21:16</td>
               <td nowrap="true" align="right">41 ms
                  
               </td>
               <td nowrap="true">
                  <a onclick="toggleDetailsVisibility('accountSettings.UpdateAccountDetails_update_name_byStatus_failed_FAIL4_exception')">org.openqa.selenium.UnhandledAlertException: 
                     unexpected alert open: {Alert text : 2 of 2 Consignments doesn't have pricing  contract  Or Consignments having Past date.
                     This consignments are not uploaded.}
                     (Session info: chrome=59.0.3071.115)
                     (Driver info: chromedriver=2.30.477700 (0057494ad8732195794a7b32078424f92a5fce41),platform=Windows NT 6.1.7601 SP1 x86_64)
                     (WARNING: The server did not provide any stacktrace information)
                     Command duration or timeout: 5 milliseconds: null
                     Build info: version: '3.4.0', revision: 'unknown', time: 'unknown'
                     System info: host: 'SRANI', ip: '192.168.131.86', os.name: 'Windows 7', os.arch: 'amd64', os.version: '6.1', java.version:
                     '1.8.0_131'
                     Driver info: org.openqa.selenium.chrome.ChromeDriver
                     Capabilities [{applicationCacheEnabled=false, rotatable=false, mobileEmulationEnabled=false, networkConnectionEnabled=false,
                     chrome={chromedriverVersion=2.30.477700 (0057494ad8732195794a7b32078424f92a5fce41), userDataDir=C:\Users\SANDHY~1\AppData\Local\Temp\scoped_dir74296_24245},
                     takesHeapSnapshot=true, pageLoadStrategy=normal, databaseEnabled=false, handlesAlerts=true, hasTouchScreen=false, version=59.0.3071.115,
                     platform=XP, browserConnectionEnabled=false, nativeEvents=true, acceptSslCerts=true, locationContextEnabled=true, webStorageEnabled=true,
                     browserName=chrome, takesScreenshot=true, javascriptEnabled=true, cssSelectorsEnabled=true, unexpectedAlertBehaviour=}]
                     Session ID: 5e92a32c58d6febbd69d74ed8b95c740
                     *** Element info: {Using=id, value=DisplayName}
                     
                  </a>
                   
                  
               </td>
            </tr>
            <tr>
               <td colspan="4" class="detailsBox">
                  <div id="accountSettings.UpdateAccountDetails_update_name_byStatus_failed_FAIL4_details"
                       class="testMethodDetails">
                     <div>
                        <b>Name: </b>update_name
                     </div>
                     <div>
                        <b>Signature: </b>update_name()[pri:1, instance:accountSettings.UpdateAccountDetails@1d057a39]
                     </div>
                     <div>
                        <b>Start time: </b>12:21:16
                     </div>
                     <div>
                        <b>End time: </b>12:21:16
                     </div>
                     <div>
                        <b>Duration: </b>41 ms
                        
                     </div>
                  </div>
               </td>
            </tr>
            <tr>
               <td colspan="4" class="detailsBox">
                  <div id="accountSettings.UpdateAccountDetails_update_name_byStatus_failed_FAIL4_exception"
                       class="testMethodDetails">
                     <pre style="padding: 5px; margin: 0;">org.openqa.selenium.UnhandledAlertException: unexpected alert open: {Alert text : 2 of 2 Consignments doesn't have pricing
                        contract  Or Consignments having Past date. This consignments are not uploaded.}
                        (Session info: chrome=59.0.3071.115)
                        (Driver info: chromedriver=2.30.477700 (0057494ad8732195794a7b32078424f92a5fce41),platform=Windows NT 6.1.7601 SP1 x86_64)
                        (WARNING: The server did not provide any stacktrace information)
                        Command duration or timeout: 5 milliseconds: null
                        Build info: version: '3.4.0', revision: 'unknown', time: 'unknown'
                        System info: host: 'SRANI', ip: '192.168.131.86', os.name: 'Windows 7', os.arch: 'amd64', os.version: '6.1', java.version:
                        '1.8.0_131'
                        Driver info: org.openqa.selenium.chrome.ChromeDriver
                        Capabilities [{applicationCacheEnabled=false, rotatable=false, mobileEmulationEnabled=false, networkConnectionEnabled=false,
                        chrome={chromedriverVersion=2.30.477700 (0057494ad8732195794a7b32078424f92a5fce41), userDataDir=C:\Users\SANDHY~1\AppData\Local\Temp\scoped_dir74296_24245},
                        takesHeapSnapshot=true, pageLoadStrategy=normal, databaseEnabled=false, handlesAlerts=true, hasTouchScreen=false, version=59.0.3071.115,
                        platform=XP, browserConnectionEnabled=false, nativeEvents=true, acceptSslCerts=true, locationContextEnabled=true, webStorageEnabled=true,
                        browserName=chrome, takesScreenshot=true, javascriptEnabled=true, cssSelectorsEnabled=true, unexpectedAlertBehaviour=}]
                        Session ID: 5e92a32c58d6febbd69d74ed8b95c740
                        *** Element info: {Using=id, value=DisplayName}
                        	at sun.reflect.NativeConstructorAccessorImpl.newInstance0(Native Method)
                        	at sun.reflect.NativeConstructorAccessorImpl.newInstance(Unknown Source)
                        	at sun.reflect.DelegatingConstructorAccessorImpl.newInstance(Unknown Source)
                        	at java.lang.reflect.Constructor.newInstance(Unknown Source)
                        	at org.openqa.selenium.remote.ErrorHandler.createThrowable(ErrorHandler.java:215)
                        	at org.openqa.selenium.remote.ErrorHandler.throwIfResponseFailed(ErrorHandler.java:173)
                        	at org.openqa.selenium.remote.RemoteWebDriver.execute(RemoteWebDriver.java:671)
                        	at org.openqa.selenium.remote.RemoteWebDriver.findElement(RemoteWebDriver.java:410)
                        	at org.openqa.selenium.remote.RemoteWebDriver.findElementById(RemoteWebDriver.java:453)
                        	at org.openqa.selenium.By$ById.findElement(By.java:218)
                        	at org.openqa.selenium.remote.RemoteWebDriver.findElement(RemoteWebDriver.java:402)
                        	at accountSettings.UpdateAccountDetails.input_Name(UpdateAccountDetails.java:43)
                        	at accountSettings.UpdateAccountDetails.update_name(UpdateAccountDetails.java:99)
                        	at sun.reflect.NativeMethodAccessorImpl.invoke0(Native Method)
                        	at sun.reflect.NativeMethodAccessorImpl.invoke(Unknown Source)
                        	at sun.reflect.DelegatingMethodAccessorImpl.invoke(Unknown Source)
                        	at java.lang.reflect.Method.invoke(Unknown Source)
                        	at org.testng.internal.MethodInvocationHelper.invokeMethod(MethodInvocationHelper.java:108)
                        	at org.testng.internal.Invoker.invokeMethod(Invoker.java:661)
                        	at org.testng.internal.Invoker.invokeTestMethod(Invoker.java:869)
                        	at org.testng.internal.Invoker.invokeTestMethods(Invoker.java:1193)
                        	at org.testng.internal.TestMethodWorker.invokeTestMethods(TestMethodWorker.java:126)
                        	at org.testng.internal.TestMethodWorker.run(TestMethodWorker.java:109)
                        	at org.testng.TestRunner.privateRun(TestRunner.java:744)
                        	at org.testng.TestRunner.run(TestRunner.java:602)
                        	at org.testng.SuiteRunner.runTest(SuiteRunner.java:380)
                        	at org.testng.SuiteRunner.runSequentially(SuiteRunner.java:375)
                        	at org.testng.SuiteRunner.privateRun(SuiteRunner.java:340)
                        	at org.testng.SuiteRunner.run(SuiteRunner.java:289)
                        	at org.testng.SuiteRunnerWorker.runSuite(SuiteRunnerWorker.java:52)
                        	at org.testng.SuiteRunnerWorker.run(SuiteRunnerWorker.java:86)
                        	at org.testng.TestNG.runSuitesSequentially(TestNG.java:1301)
                        	at org.testng.TestNG.runSuitesLocally(TestNG.java:1226)
                        	at org.testng.TestNG.runSuites(TestNG.java:1144)
                        	at org.testng.TestNG.run(TestNG.java:1115)
                        	at org.testng.remote.AbstractRemoteTestNG.run(AbstractRemoteTestNG.java:132)
                        	at org.testng.remote.RemoteTestNG.initAndRun(RemoteTestNG.java:230)
                        	at org.testng.remote.RemoteTestNG.main(RemoteTestNG.java:76)
                     </pre>
                  </div>
               </td>
            </tr>
            <tr id="accountSettings.UpdateAccountDetails_update_Locality_byStatus_failed_FAIL5_row"
                class="testMethodStatusFAIL">
               <td width="100%" class="firstMethodCell">
                  <a onclick="toggleDetailsVisibility('accountSettings.UpdateAccountDetails_update_Locality_byStatus_failed_FAIL5_details')">update_Locality()</a>
               </td>
               <td nowrap="true">12:21:16</td>
               <td nowrap="true" align="right">15 ms
                  
               </td>
               <td nowrap="true">
                  <a onclick="toggleDetailsVisibility('accountSettings.UpdateAccountDetails_update_Locality_byStatus_failed_FAIL5_exception')">org.openqa.selenium.UnhandledAlertException: 
                     unexpected alert open: {Alert text : 2 of 2 Consignments doesn't have pricing  contract  Or Consignments having Past date.
                     This consignments are not uploaded.}
                     (Session info: chrome=59.0.3071.115)
                     (Driver info: chromedriver=2.30.477700 (0057494ad8732195794a7b32078424f92a5fce41),platform=Windows NT 6.1.7601 SP1 x86_64)
                     (WARNING: The server did not provide any stacktrace information)
                     Command duration or timeout: 2 milliseconds: null
                     Build info: version: '3.4.0', revision: 'unknown', time: 'unknown'
                     System info: host: 'SRANI', ip: '192.168.131.86', os.name: 'Windows 7', os.arch: 'amd64', os.version: '6.1', java.version:
                     '1.8.0_131'
                     Driver info: org.openqa.selenium.chrome.ChromeDriver
                     Capabilities [{applicationCacheEnabled=false, rotatable=false, mobileEmulationEnabled=false, networkConnectionEnabled=false,
                     chrome={chromedriverVersion=2.30.477700 (0057494ad8732195794a7b32078424f92a5fce41), userDataDir=C:\Users\SANDHY~1\AppData\Local\Temp\scoped_dir74296_24245},
                     takesHeapSnapshot=true, pageLoadStrategy=normal, databaseEnabled=false, handlesAlerts=true, hasTouchScreen=false, version=59.0.3071.115,
                     platform=XP, browserConnectionEnabled=false, nativeEvents=true, acceptSslCerts=true, locationContextEnabled=true, webStorageEnabled=true,
                     browserName=chrome, takesScreenshot=true, javascriptEnabled=true, cssSelectorsEnabled=true, unexpectedAlertBehaviour=}]
                     Session ID: 5e92a32c58d6febbd69d74ed8b95c740
                     *** Element info: {Using=css selector, value=a.btn.btn-small.pull-right}
                     
                  </a>
                   
                  
               </td>
            </tr>
            <tr>
               <td colspan="4" class="detailsBox">
                  <div id="accountSettings.UpdateAccountDetails_update_Locality_byStatus_failed_FAIL5_details"
                       class="testMethodDetails">
                     <div>
                        <b>Name: </b>update_Locality
                     </div>
                     <div>
                        <b>Signature: </b>update_Locality()[pri:2, instance:accountSettings.UpdateAccountDetails@1d057a39]
                     </div>
                     <div>
                        <b>Start time: </b>12:21:16
                     </div>
                     <div>
                        <b>End time: </b>12:21:16
                     </div>
                     <div>
                        <b>Duration: </b>15 ms
                        
                     </div>
                  </div>
               </td>
            </tr>
            <tr>
               <td colspan="4" class="detailsBox">
                  <div id="accountSettings.UpdateAccountDetails_update_Locality_byStatus_failed_FAIL5_exception"
                       class="testMethodDetails">
                     <pre style="padding: 5px; margin: 0;">org.openqa.selenium.UnhandledAlertException: unexpected alert open: {Alert text : 2 of 2 Consignments doesn't have pricing
                        contract  Or Consignments having Past date. This consignments are not uploaded.}
                        (Session info: chrome=59.0.3071.115)
                        (Driver info: chromedriver=2.30.477700 (0057494ad8732195794a7b32078424f92a5fce41),platform=Windows NT 6.1.7601 SP1 x86_64)
                        (WARNING: The server did not provide any stacktrace information)
                        Command duration or timeout: 2 milliseconds: null
                        Build info: version: '3.4.0', revision: 'unknown', time: 'unknown'
                        System info: host: 'SRANI', ip: '192.168.131.86', os.name: 'Windows 7', os.arch: 'amd64', os.version: '6.1', java.version:
                        '1.8.0_131'
                        Driver info: org.openqa.selenium.chrome.ChromeDriver
                        Capabilities [{applicationCacheEnabled=false, rotatable=false, mobileEmulationEnabled=false, networkConnectionEnabled=false,
                        chrome={chromedriverVersion=2.30.477700 (0057494ad8732195794a7b32078424f92a5fce41), userDataDir=C:\Users\SANDHY~1\AppData\Local\Temp\scoped_dir74296_24245},
                        takesHeapSnapshot=true, pageLoadStrategy=normal, databaseEnabled=false, handlesAlerts=true, hasTouchScreen=false, version=59.0.3071.115,
                        platform=XP, browserConnectionEnabled=false, nativeEvents=true, acceptSslCerts=true, locationContextEnabled=true, webStorageEnabled=true,
                        browserName=chrome, takesScreenshot=true, javascriptEnabled=true, cssSelectorsEnabled=true, unexpectedAlertBehaviour=}]
                        Session ID: 5e92a32c58d6febbd69d74ed8b95c740
                        *** Element info: {Using=css selector, value=a.btn.btn-small.pull-right}
                        	at sun.reflect.NativeConstructorAccessorImpl.newInstance0(Native Method)
                        	at sun.reflect.NativeConstructorAccessorImpl.newInstance(Unknown Source)
                        	at sun.reflect.DelegatingConstructorAccessorImpl.newInstance(Unknown Source)
                        	at java.lang.reflect.Constructor.newInstance(Unknown Source)
                        	at org.openqa.selenium.remote.ErrorHandler.createThrowable(ErrorHandler.java:215)
                        	at org.openqa.selenium.remote.ErrorHandler.throwIfResponseFailed(ErrorHandler.java:173)
                        	at org.openqa.selenium.remote.RemoteWebDriver.execute(RemoteWebDriver.java:671)
                        	at org.openqa.selenium.remote.RemoteWebDriver.findElement(RemoteWebDriver.java:410)
                        	at org.openqa.selenium.remote.RemoteWebDriver.findElementByCssSelector(RemoteWebDriver.java:501)
                        	at org.openqa.selenium.By$ByCssSelector.findElement(By.java:430)
                        	at org.openqa.selenium.remote.RemoteWebDriver.findElement(RemoteWebDriver.java:402)
                        	at accountSettings.UpdateAccountDetails.click_MyAccount_Edit(UpdateAccountDetails.java:33)
                        	at accountSettings.UpdateAccountDetails.update_Locality(UpdateAccountDetails.java:154)
                        	at sun.reflect.NativeMethodAccessorImpl.invoke0(Native Method)
                        	at sun.reflect.NativeMethodAccessorImpl.invoke(Unknown Source)
                        	at sun.reflect.DelegatingMethodAccessorImpl.invoke(Unknown Source)
                        	at java.lang.reflect.Method.invoke(Unknown Source)
                        	at org.testng.internal.MethodInvocationHelper.invokeMethod(MethodInvocationHelper.java:108)
                        	at org.testng.internal.Invoker.invokeMethod(Invoker.java:661)
                        	at org.testng.internal.Invoker.invokeTestMethod(Invoker.java:869)
                        	at org.testng.internal.Invoker.invokeTestMethods(Invoker.java:1193)
                        	at org.testng.internal.TestMethodWorker.invokeTestMethods(TestMethodWorker.java:126)
                        	at org.testng.internal.TestMethodWorker.run(TestMethodWorker.java:109)
                        	at org.testng.TestRunner.privateRun(TestRunner.java:744)
                        	at org.testng.TestRunner.run(TestRunner.java:602)
                        	at org.testng.SuiteRunner.runTest(SuiteRunner.java:380)
                        	at org.testng.SuiteRunner.runSequentially(SuiteRunner.java:375)
                        	at org.testng.SuiteRunner.privateRun(SuiteRunner.java:340)
                        	at org.testng.SuiteRunner.run(SuiteRunner.java:289)
                        	at org.testng.SuiteRunnerWorker.runSuite(SuiteRunnerWorker.java:52)
                        	at org.testng.SuiteRunnerWorker.run(SuiteRunnerWorker.java:86)
                        	at org.testng.TestNG.runSuitesSequentially(TestNG.java:1301)
                        	at org.testng.TestNG.runSuitesLocally(TestNG.java:1226)
                        	at org.testng.TestNG.runSuites(TestNG.java:1144)
                        	at org.testng.TestNG.run(TestNG.java:1115)
                        	at org.testng.remote.AbstractRemoteTestNG.run(AbstractRemoteTestNG.java:132)
                        	at org.testng.remote.RemoteTestNG.initAndRun(RemoteTestNG.java:230)
                        	at org.testng.remote.RemoteTestNG.main(RemoteTestNG.java:76)
                     </pre>
                  </div>
               </td>
            </tr>
            <tr id="accountSettings.UpdateAccountDetails_update_mobile_byStatus_failed_FAIL6_row"
                class="testMethodStatusFAIL">
               <td width="100%" class="firstMethodCell">
                  <a onclick="toggleDetailsVisibility('accountSettings.UpdateAccountDetails_update_mobile_byStatus_failed_FAIL6_details')">update_mobile()</a>
               </td>
               <td nowrap="true">12:21:16</td>
               <td nowrap="true" align="right">12 ms
                  
               </td>
               <td nowrap="true">
                  <a onclick="toggleDetailsVisibility('accountSettings.UpdateAccountDetails_update_mobile_byStatus_failed_FAIL6_exception')">org.openqa.selenium.UnhandledAlertException: 
                     unexpected alert open: {Alert text : 2 of 2 Consignments doesn't have pricing  contract  Or Consignments having Past date.
                     This consignments are not uploaded.}
                     (Session info: chrome=59.0.3071.115)
                     (Driver info: chromedriver=2.30.477700 (0057494ad8732195794a7b32078424f92a5fce41),platform=Windows NT 6.1.7601 SP1 x86_64)
                     (WARNING: The server did not provide any stacktrace information)
                     Command duration or timeout: 3 milliseconds: null
                     Build info: version: '3.4.0', revision: 'unknown', time: 'unknown'
                     System info: host: 'SRANI', ip: '192.168.131.86', os.name: 'Windows 7', os.arch: 'amd64', os.version: '6.1', java.version:
                     '1.8.0_131'
                     Driver info: org.openqa.selenium.chrome.ChromeDriver
                     Capabilities [{applicationCacheEnabled=false, rotatable=false, mobileEmulationEnabled=false, networkConnectionEnabled=false,
                     chrome={chromedriverVersion=2.30.477700 (0057494ad8732195794a7b32078424f92a5fce41), userDataDir=C:\Users\SANDHY~1\AppData\Local\Temp\scoped_dir74296_24245},
                     takesHeapSnapshot=true, pageLoadStrategy=normal, databaseEnabled=false, handlesAlerts=true, hasTouchScreen=false, version=59.0.3071.115,
                     platform=XP, browserConnectionEnabled=false, nativeEvents=true, acceptSslCerts=true, locationContextEnabled=true, webStorageEnabled=true,
                     browserName=chrome, takesScreenshot=true, javascriptEnabled=true, cssSelectorsEnabled=true, unexpectedAlertBehaviour=}]
                     Session ID: 5e92a32c58d6febbd69d74ed8b95c740
                     *** Element info: {Using=css selector, value=a.btn.btn-small.pull-right}
                     
                  </a>
                   
                  
               </td>
            </tr>
            <tr>
               <td colspan="4" class="detailsBox">
                  <div id="accountSettings.UpdateAccountDetails_update_mobile_byStatus_failed_FAIL6_details"
                       class="testMethodDetails">
                     <div>
                        <b>Name: </b>update_mobile
                     </div>
                     <div>
                        <b>Signature: </b>update_mobile()[pri:3, instance:accountSettings.UpdateAccountDetails@1d057a39]
                     </div>
                     <div>
                        <b>Start time: </b>12:21:16
                     </div>
                     <div>
                        <b>End time: </b>12:21:16
                     </div>
                     <div>
                        <b>Duration: </b>12 ms
                        
                     </div>
                  </div>
               </td>
            </tr>
            <tr>
               <td colspan="4" class="detailsBox">
                  <div id="accountSettings.UpdateAccountDetails_update_mobile_byStatus_failed_FAIL6_exception"
                       class="testMethodDetails">
                     <pre style="padding: 5px; margin: 0;">org.openqa.selenium.UnhandledAlertException: unexpected alert open: {Alert text : 2 of 2 Consignments doesn't have pricing
                        contract  Or Consignments having Past date. This consignments are not uploaded.}
                        (Session info: chrome=59.0.3071.115)
                        (Driver info: chromedriver=2.30.477700 (0057494ad8732195794a7b32078424f92a5fce41),platform=Windows NT 6.1.7601 SP1 x86_64)
                        (WARNING: The server did not provide any stacktrace information)
                        Command duration or timeout: 3 milliseconds: null
                        Build info: version: '3.4.0', revision: 'unknown', time: 'unknown'
                        System info: host: 'SRANI', ip: '192.168.131.86', os.name: 'Windows 7', os.arch: 'amd64', os.version: '6.1', java.version:
                        '1.8.0_131'
                        Driver info: org.openqa.selenium.chrome.ChromeDriver
                        Capabilities [{applicationCacheEnabled=false, rotatable=false, mobileEmulationEnabled=false, networkConnectionEnabled=false,
                        chrome={chromedriverVersion=2.30.477700 (0057494ad8732195794a7b32078424f92a5fce41), userDataDir=C:\Users\SANDHY~1\AppData\Local\Temp\scoped_dir74296_24245},
                        takesHeapSnapshot=true, pageLoadStrategy=normal, databaseEnabled=false, handlesAlerts=true, hasTouchScreen=false, version=59.0.3071.115,
                        platform=XP, browserConnectionEnabled=false, nativeEvents=true, acceptSslCerts=true, locationContextEnabled=true, webStorageEnabled=true,
                        browserName=chrome, takesScreenshot=true, javascriptEnabled=true, cssSelectorsEnabled=true, unexpectedAlertBehaviour=}]
                        Session ID: 5e92a32c58d6febbd69d74ed8b95c740
                        *** Element info: {Using=css selector, value=a.btn.btn-small.pull-right}
                        	at sun.reflect.NativeConstructorAccessorImpl.newInstance0(Native Method)
                        	at sun.reflect.NativeConstructorAccessorImpl.newInstance(Unknown Source)
                        	at sun.reflect.DelegatingConstructorAccessorImpl.newInstance(Unknown Source)
                        	at java.lang.reflect.Constructor.newInstance(Unknown Source)
                        	at org.openqa.selenium.remote.ErrorHandler.createThrowable(ErrorHandler.java:215)
                        	at org.openqa.selenium.remote.ErrorHandler.throwIfResponseFailed(ErrorHandler.java:173)
                        	at org.openqa.selenium.remote.RemoteWebDriver.execute(RemoteWebDriver.java:671)
                        	at org.openqa.selenium.remote.RemoteWebDriver.findElement(RemoteWebDriver.java:410)
                        	at org.openqa.selenium.remote.RemoteWebDriver.findElementByCssSelector(RemoteWebDriver.java:501)
                        	at org.openqa.selenium.By$ByCssSelector.findElement(By.java:430)
                        	at org.openqa.selenium.remote.RemoteWebDriver.findElement(RemoteWebDriver.java:402)
                        	at accountSettings.UpdateAccountDetails.click_MyAccount_Edit(UpdateAccountDetails.java:33)
                        	at accountSettings.UpdateAccountDetails.update_mobile(UpdateAccountDetails.java:113)
                        	at sun.reflect.NativeMethodAccessorImpl.invoke0(Native Method)
                        	at sun.reflect.NativeMethodAccessorImpl.invoke(Unknown Source)
                        	at sun.reflect.DelegatingMethodAccessorImpl.invoke(Unknown Source)
                        	at java.lang.reflect.Method.invoke(Unknown Source)
                        	at org.testng.internal.MethodInvocationHelper.invokeMethod(MethodInvocationHelper.java:108)
                        	at org.testng.internal.Invoker.invokeMethod(Invoker.java:661)
                        	at org.testng.internal.Invoker.invokeTestMethod(Invoker.java:869)
                        	at org.testng.internal.Invoker.invokeTestMethods(Invoker.java:1193)
                        	at org.testng.internal.TestMethodWorker.invokeTestMethods(TestMethodWorker.java:126)
                        	at org.testng.internal.TestMethodWorker.run(TestMethodWorker.java:109)
                        	at org.testng.TestRunner.privateRun(TestRunner.java:744)
                        	at org.testng.TestRunner.run(TestRunner.java:602)
                        	at org.testng.SuiteRunner.runTest(SuiteRunner.java:380)
                        	at org.testng.SuiteRunner.runSequentially(SuiteRunner.java:375)
                        	at org.testng.SuiteRunner.privateRun(SuiteRunner.java:340)
                        	at org.testng.SuiteRunner.run(SuiteRunner.java:289)
                        	at org.testng.SuiteRunnerWorker.runSuite(SuiteRunnerWorker.java:52)
                        	at org.testng.SuiteRunnerWorker.run(SuiteRunnerWorker.java:86)
                        	at org.testng.TestNG.runSuitesSequentially(TestNG.java:1301)
                        	at org.testng.TestNG.runSuitesLocally(TestNG.java:1226)
                        	at org.testng.TestNG.runSuites(TestNG.java:1144)
                        	at org.testng.TestNG.run(TestNG.java:1115)
                        	at org.testng.remote.AbstractRemoteTestNG.run(AbstractRemoteTestNG.java:132)
                        	at org.testng.remote.RemoteTestNG.initAndRun(RemoteTestNG.java:230)
                        	at org.testng.remote.RemoteTestNG.main(RemoteTestNG.java:76)
                     </pre>
                  </div>
               </td>
            </tr>
            <tr id="login.Login_openBrowser_byStatus_passed_PASS1_row"
                class="testMethodStatusPASS testMethodStatusCONF">
               <td width="100%" class="firstMethodCell">
                  <a onclick="toggleDetailsVisibility('login.Login_openBrowser_byStatus_passed_PASS1_details')">openBrowser()</a>
               </td>
               <td nowrap="true">12:20:40</td>
               <td nowrap="true" align="right">3s
                  
               </td>
               <td nowrap="true">
                   
                  
               </td>
            </tr>
            <tr>
               <td colspan="4" class="detailsBox">
                  <div id="login.Login_openBrowser_byStatus_passed_PASS1_details"
                       class="testMethodDetails">
                     <div>
                        <b>Name: </b>openBrowser
                     </div>
                     <div>
                        <b>Signature: </b>openBrowser()[pri:0, instance:login.Login@6cc4c815]
                     </div>
                     <div>
                        <b>Start time: </b>12:20:40
                     </div>
                     <div>
                        <b>End time: </b>12:20:44
                     </div>
                     <div>
                        <b>Duration: </b>3s
                        
                     </div>
                  </div>
               </td>
            </tr>
            <tr></tr>
            <tr id="login.Login_navigate_byStatus_passed_PASS2_row"
                class="testMethodStatusPASS">
               <td width="100%" class="firstMethodCell">
                  <a onclick="toggleDetailsVisibility('login.Login_navigate_byStatus_passed_PASS2_details')">navigate()</a>
               </td>
               <td nowrap="true">12:20:44</td>
               <td nowrap="true" align="right">4s
                  
               </td>
               <td nowrap="true">
                   
                  
               </td>
            </tr>
            <tr>
               <td colspan="4" class="detailsBox">
                  <div id="login.Login_navigate_byStatus_passed_PASS2_details"
                       class="testMethodDetails">
                     <div>
                        <b>Name: </b>navigate
                     </div>
                     <div>
                        <b>Signature: </b>navigate()[pri:0, instance:login.Login@6cc4c815]
                     </div>
                     <div>
                        <b>Start time: </b>12:20:44
                     </div>
                     <div>
                        <b>End time: </b>12:20:48
                     </div>
                     <div>
                        <b>Duration: </b>4s
                        
                     </div>
                  </div>
               </td>
            </tr>
            <tr></tr>
            <tr id="login.Login_input_PhoneNumber_byStatus_passed_PASS3_row"
                class="testMethodStatusPASS">
               <td width="100%" class="firstMethodCell">
                  <a onclick="toggleDetailsVisibility('login.Login_input_PhoneNumber_byStatus_passed_PASS3_details')">input_PhoneNumber()</a>
               </td>
               <td nowrap="true">12:20:48</td>
               <td nowrap="true" align="right">455 ms
                  
               </td>
               <td nowrap="true">
                   
                  
               </td>
            </tr>
            <tr>
               <td colspan="4" class="detailsBox">
                  <div id="login.Login_input_PhoneNumber_byStatus_passed_PASS3_details"
                       class="testMethodDetails">
                     <div>
                        <b>Name: </b>input_PhoneNumber
                     </div>
                     <div>
                        <b>Signature: </b>input_PhoneNumber()[pri:1, instance:login.Login@6cc4c815]
                     </div>
                     <div>
                        <b>Start time: </b>12:20:48
                     </div>
                     <div>
                        <b>End time: </b>12:20:49
                     </div>
                     <div>
                        <b>Duration: </b>455 ms
                        
                     </div>
                  </div>
               </td>
            </tr>
            <tr></tr>
            <tr id="login.Login_click_Submit_byStatus_passed_PASS4_row"
                class="testMethodStatusPASS">
               <td width="100%" class="firstMethodCell">
                  <a onclick="toggleDetailsVisibility('login.Login_click_Submit_byStatus_passed_PASS4_details')">click_Submit()</a>
               </td>
               <td nowrap="true">12:20:49</td>
               <td nowrap="true" align="right">1s
                  
               </td>
               <td nowrap="true">
                   
                  
               </td>
            </tr>
            <tr>
               <td colspan="4" class="detailsBox">
                  <div id="login.Login_click_Submit_byStatus_passed_PASS4_details"
                       class="testMethodDetails">
                     <div>
                        <b>Name: </b>click_Submit
                     </div>
                     <div>
                        <b>Signature: </b>click_Submit()[pri:2, instance:login.Login@6cc4c815]
                     </div>
                     <div>
                        <b>Start time: </b>12:20:49
                     </div>
                     <div>
                        <b>End time: </b>12:20:50
                     </div>
                     <div>
                        <b>Duration: </b>1s
                        
                     </div>
                  </div>
               </td>
            </tr>
            <tr></tr>
            <tr id="login.Login_input_OTP_byStatus_passed_PASS5_row"
                class="testMethodStatusPASS">
               <td width="100%" class="firstMethodCell">
                  <a onclick="toggleDetailsVisibility('login.Login_input_OTP_byStatus_passed_PASS5_details')">input_OTP()</a>
               </td>
               <td nowrap="true">12:20:50</td>
               <td nowrap="true" align="right">153 ms
                  
               </td>
               <td nowrap="true">
                   
                  
               </td>
            </tr>
            <tr>
               <td colspan="4" class="detailsBox">
                  <div id="login.Login_input_OTP_byStatus_passed_PASS5_details"
                       class="testMethodDetails">
                     <div>
                        <b>Name: </b>input_OTP
                     </div>
                     <div>
                        <b>Signature: </b>input_OTP()[pri:3, instance:login.Login@6cc4c815]
                     </div>
                     <div>
                        <b>Start time: </b>12:20:50
                     </div>
                     <div>
                        <b>End time: </b>12:20:50
                     </div>
                     <div>
                        <b>Duration: </b>153 ms
                        
                     </div>
                  </div>
               </td>
            </tr>
            <tr></tr>
            <tr id="login.Login_click_OTPSubmit_byStatus_passed_PASS6_row"
                class="testMethodStatusPASS">
               <td width="100%" class="firstMethodCell">
                  <a onclick="toggleDetailsVisibility('login.Login_click_OTPSubmit_byStatus_passed_PASS6_details')">click_OTPSubmit()</a>
               </td>
               <td nowrap="true">12:20:50</td>
               <td nowrap="true" align="right">973 ms
                  
               </td>
               <td nowrap="true">
                   
                  
               </td>
            </tr>
            <tr>
               <td colspan="4" class="detailsBox">
                  <div id="login.Login_click_OTPSubmit_byStatus_passed_PASS6_details"
                       class="testMethodDetails">
                     <div>
                        <b>Name: </b>click_OTPSubmit
                     </div>
                     <div>
                        <b>Signature: </b>click_OTPSubmit()[pri:4, instance:login.Login@6cc4c815]
                     </div>
                     <div>
                        <b>Start time: </b>12:20:50
                     </div>
                     <div>
                        <b>End time: </b>12:20:51
                     </div>
                     <div>
                        <b>Duration: </b>973 ms
                        
                     </div>
                  </div>
               </td>
            </tr>
            <tr></tr>
            <tr id="login.Login_click_Consignor_byStatus_passed_PASS7_row"
                class="testMethodStatusPASS">
               <td width="100%" class="firstMethodCell">
                  <a onclick="toggleDetailsVisibility('login.Login_click_Consignor_byStatus_passed_PASS7_details')">click_Consignor()</a>
               </td>
               <td nowrap="true">12:20:51</td>
               <td nowrap="true" align="right">6s
                  
               </td>
               <td nowrap="true">
                   
                  
               </td>
            </tr>
            <tr>
               <td colspan="4" class="detailsBox">
                  <div id="login.Login_click_Consignor_byStatus_passed_PASS7_details"
                       class="testMethodDetails">
                     <div>
                        <b>Name: </b>click_Consignor
                     </div>
                     <div>
                        <b>Signature: </b>click_Consignor()[pri:5, instance:login.Login@6cc4c815]
                     </div>
                     <div>
                        <b>Start time: </b>12:20:51
                     </div>
                     <div>
                        <b>End time: </b>12:20:58
                     </div>
                     <div>
                        <b>Duration: </b>6s
                        
                     </div>
                  </div>
               </td>
            </tr>
            <tr></tr>
            <tr id="bulkConsignment.uploadConsignment_click_BulkConsignmentTab_byStatus_passed_PASS8_row"
                class="testMethodStatusPASS">
               <td width="100%" class="firstMethodCell">
                  <a onclick="toggleDetailsVisibility('bulkConsignment.uploadConsignment_click_BulkConsignmentTab_byStatus_passed_PASS8_details')">click_BulkConsignmentTab()</a>
               </td>
               <td nowrap="true">12:20:58</td>
               <td nowrap="true" align="right">3s
                  
               </td>
               <td nowrap="true">
                   
                  
               </td>
            </tr>
            <tr>
               <td colspan="4" class="detailsBox">
                  <div id="bulkConsignment.uploadConsignment_click_BulkConsignmentTab_byStatus_passed_PASS8_details"
                       class="testMethodDetails">
                     <div>
                        <b>Name: </b>click_BulkConsignmentTab
                     </div>
                     <div>
                        <b>Signature: </b>click_BulkConsignmentTab()[pri:0, instance:bulkConsignment.uploadConsignment@457e2f02]
                     </div>
                     <div>
                        <b>Start time: </b>12:20:58
                     </div>
                     <div>
                        <b>End time: </b>12:21:02
                     </div>
                     <div>
                        <b>Duration: </b>3s
                        
                     </div>
                  </div>
               </td>
            </tr>
            <tr></tr>
            <tr id="bulkConsignment.uploadConsignment_click_BrowseExcel_byStatus_passed_PASS9_row"
                class="testMethodStatusPASS">
               <td width="100%" class="firstMethodCell">
                  <a onclick="toggleDetailsVisibility('bulkConsignment.uploadConsignment_click_BrowseExcel_byStatus_passed_PASS9_details')">click_BrowseExcel()</a>
               </td>
               <td nowrap="true">12:21:02</td>
               <td nowrap="true" align="right">316 ms
                  
               </td>
               <td nowrap="true">
                   
                  
               </td>
            </tr>
            <tr>
               <td colspan="4" class="detailsBox">
                  <div id="bulkConsignment.uploadConsignment_click_BrowseExcel_byStatus_passed_PASS9_details"
                       class="testMethodDetails">
                     <div>
                        <b>Name: </b>click_BrowseExcel
                     </div>
                     <div>
                        <b>Signature: </b>click_BrowseExcel()[pri:1, instance:bulkConsignment.uploadConsignment@457e2f02]
                     </div>
                     <div>
                        <b>Start time: </b>12:21:02
                     </div>
                     <div>
                        <b>End time: </b>12:21:02
                     </div>
                     <div>
                        <b>Duration: </b>316 ms
                        
                     </div>
                  </div>
               </td>
            </tr>
            <tr></tr>
            <tr id="bulkConsignment.uploadConsignment_click_Upload_byStatus_passed_PASS10_row"
                class="testMethodStatusPASS">
               <td width="100%" class="firstMethodCell">
                  <a onclick="toggleDetailsVisibility('bulkConsignment.uploadConsignment_click_Upload_byStatus_passed_PASS10_details')">click_Upload()</a>
               </td>
               <td nowrap="true">12:21:02</td>
               <td nowrap="true" align="right">13s
                  
               </td>
               <td nowrap="true">
                   
                  
               </td>
            </tr>
            <tr>
               <td colspan="4" class="detailsBox">
                  <div id="bulkConsignment.uploadConsignment_click_Upload_byStatus_passed_PASS10_details"
                       class="testMethodDetails">
                     <div>
                        <b>Name: </b>click_Upload
                     </div>
                     <div>
                        <b>Signature: </b>click_Upload()[pri:2, instance:bulkConsignment.uploadConsignment@457e2f02]
                     </div>
                     <div>
                        <b>Start time: </b>12:21:02
                     </div>
                     <div>
                        <b>End time: </b>12:21:16
                     </div>
                     <div>
                        <b>Duration: </b>13s
                        
                     </div>
                  </div>
               </td>
            </tr>
            <tr></tr>
            <tr id="login.FieldValidations_openApp_byStatus_passed_PASS11_row"
                class="testMethodStatusPASS testMethodStatusCONF">
               <td width="100%" class="firstMethodCell">
                  <a onclick="toggleDetailsVisibility('login.FieldValidations_openApp_byStatus_passed_PASS11_details')">openApp()</a>
               </td>
               <td nowrap="true">12:21:16</td>
               <td nowrap="true" align="right">7s
                  
               </td>
               <td nowrap="true">
                   
                  
               </td>
            </tr>
            <tr>
               <td colspan="4" class="detailsBox">
                  <div id="login.FieldValidations_openApp_byStatus_passed_PASS11_details"
                       class="testMethodDetails">
                     <div>
                        <b>Name: </b>openApp
                     </div>
                     <div>
                        <b>Signature: </b>openApp()[pri:0, instance:login.FieldValidations@28d25987]
                     </div>
                     <div>
                        <b>Start time: </b>12:21:16
                     </div>
                     <div>
                        <b>End time: </b>12:21:23
                     </div>
                     <div>
                        <b>Duration: </b>7s
                        
                     </div>
                  </div>
               </td>
            </tr>
            <tr></tr>
            <tr id="login.FieldValidations_submit_InvalidPhoneNumber_byStatus_passed_PASS12_row"
                class="testMethodStatusPASS">
               <td width="100%" class="firstMethodCell">
                  <a onclick="toggleDetailsVisibility('login.FieldValidations_submit_InvalidPhoneNumber_byStatus_passed_PASS12_details')">submit_InvalidPhoneNumber()</a>
               </td>
               <td nowrap="true">12:21:23</td>
               <td nowrap="true" align="right">765 ms
                  
               </td>
               <td nowrap="true">
                   
                  
               </td>
            </tr>
            <tr>
               <td colspan="4" class="detailsBox">
                  <div id="login.FieldValidations_submit_InvalidPhoneNumber_byStatus_passed_PASS12_details"
                       class="testMethodDetails">
                     <div>
                        <b>Name: </b>submit_InvalidPhoneNumber
                     </div>
                     <div>
                        <b>Signature: </b>submit_InvalidPhoneNumber()[pri:0, instance:login.FieldValidations@28d25987]
                     </div>
                     <div>
                        <b>Start time: </b>12:21:23
                     </div>
                     <div>
                        <b>End time: </b>12:21:24
                     </div>
                     <div>
                        <b>Duration: </b>765 ms
                        
                     </div>
                  </div>
               </td>
            </tr>
            <tr></tr>
            <tr id="login.FieldValidations_verify_PhoneValidationMsg_byStatus_passed_PASS13_row"
                class="testMethodStatusPASS">
               <td width="100%" class="firstMethodCell">
                  <a onclick="toggleDetailsVisibility('login.FieldValidations_verify_PhoneValidationMsg_byStatus_passed_PASS13_details')">verify_PhoneValidationMsg()</a>
               </td>
               <td nowrap="true">12:21:24</td>
               <td nowrap="true" align="right">109 ms
                  
               </td>
               <td nowrap="true">
                   
                  
               </td>
            </tr>
            <tr>
               <td colspan="4" class="detailsBox">
                  <div id="login.FieldValidations_verify_PhoneValidationMsg_byStatus_passed_PASS13_details"
                       class="testMethodDetails">
                     <div>
                        <b>Name: </b>verify_PhoneValidationMsg
                     </div>
                     <div>
                        <b>Signature: </b>verify_PhoneValidationMsg()[pri:1, instance:login.FieldValidations@28d25987]
                     </div>
                     <div>
                        <b>Start time: </b>12:21:24
                     </div>
                     <div>
                        <b>End time: </b>12:21:24
                     </div>
                     <div>
                        <b>Duration: </b>109 ms
                        
                     </div>
                  </div>
               </td>
            </tr>
            <tr></tr>
            <tr id="login.FieldValidations_navigate_OTPScreen_byStatus_passed_PASS14_row"
                class="testMethodStatusPASS">
               <td width="100%" class="firstMethodCell">
                  <a onclick="toggleDetailsVisibility('login.FieldValidations_navigate_OTPScreen_byStatus_passed_PASS14_details')">navigate_OTPScreen()</a>
               </td>
               <td nowrap="true">12:21:24</td>
               <td nowrap="true" align="right">2s
                  
               </td>
               <td nowrap="true">
                   
                  
               </td>
            </tr>
            <tr>
               <td colspan="4" class="detailsBox">
                  <div id="login.FieldValidations_navigate_OTPScreen_byStatus_passed_PASS14_details"
                       class="testMethodDetails">
                     <div>
                        <b>Name: </b>navigate_OTPScreen
                     </div>
                     <div>
                        <b>Signature: </b>navigate_OTPScreen()[pri:2, instance:login.FieldValidations@28d25987]
                     </div>
                     <div>
                        <b>Start time: </b>12:21:24
                     </div>
                     <div>
                        <b>End time: </b>12:21:26
                     </div>
                     <div>
                        <b>Duration: </b>2s
                        
                     </div>
                  </div>
               </td>
            </tr>
            <tr></tr>
            <tr id="login.FieldValidations_submit_InvalidOTP_byStatus_passed_PASS15_row"
                class="testMethodStatusPASS">
               <td width="100%" class="firstMethodCell">
                  <a onclick="toggleDetailsVisibility('login.FieldValidations_submit_InvalidOTP_byStatus_passed_PASS15_details')">submit_InvalidOTP()</a>
               </td>
               <td nowrap="true">12:21:26</td>
               <td nowrap="true" align="right">1s
                  
               </td>
               <td nowrap="true">
                   
                  
               </td>
            </tr>
            <tr>
               <td colspan="4" class="detailsBox">
                  <div id="login.FieldValidations_submit_InvalidOTP_byStatus_passed_PASS15_details"
                       class="testMethodDetails">
                     <div>
                        <b>Name: </b>submit_InvalidOTP
                     </div>
                     <div>
                        <b>Signature: </b>submit_InvalidOTP()[pri:3, instance:login.FieldValidations@28d25987]
                     </div>
                     <div>
                        <b>Start time: </b>12:21:26
                     </div>
                     <div>
                        <b>End time: </b>12:21:28
                     </div>
                     <div>
                        <b>Duration: </b>1s
                        
                     </div>
                  </div>
               </td>
            </tr>
            <tr></tr>
            <tr id="login.FieldValidations_verify_OTPValidationMsg_byStatus_passed_PASS16_row"
                class="testMethodStatusPASS">
               <td width="100%" class="firstMethodCell">
                  <a onclick="toggleDetailsVisibility('login.FieldValidations_verify_OTPValidationMsg_byStatus_passed_PASS16_details')">verify_OTPValidationMsg()</a>
               </td>
               <td nowrap="true">12:21:28</td>
               <td nowrap="true" align="right">353 ms
                  
               </td>
               <td nowrap="true">
                   
                  
               </td>
            </tr>
            <tr>
               <td colspan="4" class="detailsBox">
                  <div id="login.FieldValidations_verify_OTPValidationMsg_byStatus_passed_PASS16_details"
                       class="testMethodDetails">
                     <div>
                        <b>Name: </b>verify_OTPValidationMsg
                     </div>
                     <div>
                        <b>Signature: </b>verify_OTPValidationMsg()[pri:4, instance:login.FieldValidations@28d25987]
                     </div>
                     <div>
                        <b>Start time: </b>12:21:28
                     </div>
                     <div>
                        <b>End time: </b>12:21:28
                     </div>
                     <div>
                        <b>Duration: </b>353 ms
                        
                     </div>
                  </div>
               </td>
            </tr>
            <tr></tr>
            <tr id="login.FieldValidations_valid_OTP_byStatus_passed_PASS17_row"
                class="testMethodStatusPASS">
               <td width="100%" class="firstMethodCell">
                  <a onclick="toggleDetailsVisibility('login.FieldValidations_valid_OTP_byStatus_passed_PASS17_details')">valid_OTP()</a>
               </td>
               <td nowrap="true">12:21:28</td>
               <td nowrap="true" align="right">1s
                  
               </td>
               <td nowrap="true">
                   
                  
               </td>
            </tr>
            <tr>
               <td colspan="4" class="detailsBox">
                  <div id="login.FieldValidations_valid_OTP_byStatus_passed_PASS17_details"
                       class="testMethodDetails">
                     <div>
                        <b>Name: </b>valid_OTP
                     </div>
                     <div>
                        <b>Signature: </b>valid_OTP()[pri:5, instance:login.FieldValidations@28d25987]
                     </div>
                     <div>
                        <b>Start time: </b>12:21:28
                     </div>
                     <div>
                        <b>End time: </b>12:21:30
                     </div>
                     <div>
                        <b>Duration: </b>1s
                        
                     </div>
                  </div>
               </td>
            </tr>
            <tr></tr>
            <tr id="accountSettings.SettingsFieldValidation_SignUp_AccountSettings_byStatus_passed_PASS18_row"
                class="testMethodStatusPASS testMethodStatusCONF">
               <td width="100%" class="firstMethodCell">
                  <a onclick="toggleDetailsVisibility('accountSettings.SettingsFieldValidation_SignUp_AccountSettings_byStatus_passed_PASS18_details')">SignUp_AccountSettings()</a>
               </td>
               <td nowrap="true">12:21:30</td>
               <td nowrap="true" align="right">17s
                  
               </td>
               <td nowrap="true">
                   
                  
               </td>
            </tr>
            <tr>
               <td colspan="4" class="detailsBox">
                  <div id="accountSettings.SettingsFieldValidation_SignUp_AccountSettings_byStatus_passed_PASS18_details"
                       class="testMethodDetails">
                     <div>
                        <b>Name: </b>SignUp_AccountSettings
                     </div>
                     <div>
                        <b>Signature: </b>SignUp_AccountSettings()[pri:0, instance:accountSettings.SettingsFieldValidation@26653222]
                     </div>
                     <div>
                        <b>Start time: </b>12:21:30
                     </div>
                     <div>
                        <b>End time: </b>12:21:48
                     </div>
                     <div>
                        <b>Duration: </b>17s
                        
                     </div>
                  </div>
               </td>
            </tr>
            <tr></tr>
            <tr id="accountSettings.SettingsFieldValidation_verify_InvalidMobileNumber_byStatus_passed_PASS19_row"
                class="testMethodStatusPASS">
               <td width="100%" class="firstMethodCell">
                  <a onclick="toggleDetailsVisibility('accountSettings.SettingsFieldValidation_verify_InvalidMobileNumber_byStatus_passed_PASS19_details')">verify_InvalidMobileNumber()</a>
               </td>
               <td nowrap="true">12:21:48</td>
               <td nowrap="true" align="right">540 ms
                  
               </td>
               <td nowrap="true">
                   
                  
               </td>
            </tr>
            <tr>
               <td colspan="4" class="detailsBox">
                  <div id="accountSettings.SettingsFieldValidation_verify_InvalidMobileNumber_byStatus_passed_PASS19_details"
                       class="testMethodDetails">
                     <div>
                        <b>Name: </b>verify_InvalidMobileNumber
                     </div>
                     <div>
                        <b>Signature: </b>verify_InvalidMobileNumber()[pri:0, instance:accountSettings.SettingsFieldValidation@26653222]
                     </div>
                     <div>
                        <b>Start time: </b>12:21:48
                     </div>
                     <div>
                        <b>End time: </b>12:21:49
                     </div>
                     <div>
                        <b>Duration: </b>540 ms
                        
                     </div>
                  </div>
               </td>
            </tr>
            <tr></tr>
            <tr id="accountSettings.SettingsFieldValidation_verify_charMobile_byStatus_passed_PASS20_row"
                class="testMethodStatusPASS">
               <td width="100%" class="firstMethodCell">
                  <a onclick="toggleDetailsVisibility('accountSettings.SettingsFieldValidation_verify_charMobile_byStatus_passed_PASS20_details')">verify_charMobile()</a>
               </td>
               <td nowrap="true">12:21:49</td>
               <td nowrap="true" align="right">435 ms
                  
               </td>
               <td nowrap="true">
                   
                  
               </td>
            </tr>
            <tr>
               <td colspan="4" class="detailsBox">
                  <div id="accountSettings.SettingsFieldValidation_verify_charMobile_byStatus_passed_PASS20_details"
                       class="testMethodDetails">
                     <div>
                        <b>Name: </b>verify_charMobile
                     </div>
                     <div>
                        <b>Signature: </b>verify_charMobile()[pri:1, instance:accountSettings.SettingsFieldValidation@26653222]
                     </div>
                     <div>
                        <b>Start time: </b>12:21:49
                     </div>
                     <div>
                        <b>End time: </b>12:21:49
                     </div>
                     <div>
                        <b>Duration: </b>435 ms
                        
                     </div>
                  </div>
               </td>
            </tr>
            <tr></tr>
            <tr id="accountSettings.SettingsFieldValidation_verify_pincode_byStatus_passed_PASS21_row"
                class="testMethodStatusPASS">
               <td width="100%" class="firstMethodCell">
                  <a onclick="toggleDetailsVisibility('accountSettings.SettingsFieldValidation_verify_pincode_byStatus_passed_PASS21_details')">verify_pincode()</a>
               </td>
               <td nowrap="true">12:21:49</td>
               <td nowrap="true" align="right">516 ms
                  
               </td>
               <td nowrap="true">
                   
                  
               </td>
            </tr>
            <tr>
               <td colspan="4" class="detailsBox">
                  <div id="accountSettings.SettingsFieldValidation_verify_pincode_byStatus_passed_PASS21_details"
                       class="testMethodDetails">
                     <div>
                        <b>Name: </b>verify_pincode
                     </div>
                     <div>
                        <b>Signature: </b>verify_pincode()[pri:2, instance:accountSettings.SettingsFieldValidation@26653222]
                     </div>
                     <div>
                        <b>Start time: </b>12:21:49
                     </div>
                     <div>
                        <b>End time: </b>12:21:50
                     </div>
                     <div>
                        <b>Duration: </b>516 ms
                        
                     </div>
                  </div>
               </td>
            </tr>
            <tr></tr>
            <tr id="accountSettings.SettingsFieldValidation_verify_charpincode_byStatus_passed_PASS22_row"
                class="testMethodStatusPASS">
               <td width="100%" class="firstMethodCell">
                  <a onclick="toggleDetailsVisibility('accountSettings.SettingsFieldValidation_verify_charpincode_byStatus_passed_PASS22_details')">verify_charpincode()</a>
               </td>
               <td nowrap="true">12:21:50</td>
               <td nowrap="true" align="right">484 ms
                  
               </td>
               <td nowrap="true">
                   
                  
               </td>
            </tr>
            <tr>
               <td colspan="4" class="detailsBox">
                  <div id="accountSettings.SettingsFieldValidation_verify_charpincode_byStatus_passed_PASS22_details"
                       class="testMethodDetails">
                     <div>
                        <b>Name: </b>verify_charpincode
                     </div>
                     <div>
                        <b>Signature: </b>verify_charpincode()[pri:3, instance:accountSettings.SettingsFieldValidation@26653222]
                     </div>
                     <div>
                        <b>Start time: </b>12:21:50
                     </div>
                     <div>
                        <b>End time: </b>12:21:50
                     </div>
                     <div>
                        <b>Duration: </b>484 ms
                        
                     </div>
                  </div>
               </td>
            </tr>
            <tr></tr>
         </table>
      </div>
      <div id="testMethodsByClass">
         <table class="testMethodsTable" cellpadding="0" cellspacing="0">
            <tr>
               <td colspan="4">
                  <h3 style="display: inline;">accountSettings.SettingsFieldValidation</h3>
               </td>
            </tr>
            <tr class="methodsTableHeader">
               <td width="100%">Name</td>
               <td nowrap="true">Started</td>
               <td nowrap="true">Duration</td>
               <td>Exception</td>
            </tr>
            <tr id="accountSettings.SettingsFieldValidation_SignUp_AccountSettings_byClass_PASS1_row"
                class="testMethodStatusPASS testMethodStatusCONF">
               <td width="100%" class="firstMethodCell">
                  <a onclick="toggleDetailsVisibility('accountSettings.SettingsFieldValidation_SignUp_AccountSettings_byClass_PASS1_details')">SignUp_AccountSettings()</a>
               </td>
               <td nowrap="true">12:21:30</td>
               <td nowrap="true" align="right">17s
                  
               </td>
               <td nowrap="true">
                   
                  
               </td>
            </tr>
            <tr>
               <td colspan="4" class="detailsBox">
                  <div id="accountSettings.SettingsFieldValidation_SignUp_AccountSettings_byClass_PASS1_details"
                       class="testMethodDetails">
                     <div>
                        <b>Name: </b>SignUp_AccountSettings
                     </div>
                     <div>
                        <b>Signature: </b>SignUp_AccountSettings()[pri:0, instance:accountSettings.SettingsFieldValidation@26653222]
                     </div>
                     <div>
                        <b>Start time: </b>12:21:30
                     </div>
                     <div>
                        <b>End time: </b>12:21:48
                     </div>
                     <div>
                        <b>Duration: </b>17s
                        
                     </div>
                  </div>
               </td>
            </tr>
            <tr></tr>
            <tr id="accountSettings.SettingsFieldValidation_verify_InvalidMobileNumber_byClass_PASS2_row"
                class="testMethodStatusPASS">
               <td width="100%" class="firstMethodCell">
                  <a onclick="toggleDetailsVisibility('accountSettings.SettingsFieldValidation_verify_InvalidMobileNumber_byClass_PASS2_details')">verify_InvalidMobileNumber()</a>
               </td>
               <td nowrap="true">12:21:48</td>
               <td nowrap="true" align="right">540 ms
                  
               </td>
               <td nowrap="true">
                   
                  
               </td>
            </tr>
            <tr>
               <td colspan="4" class="detailsBox">
                  <div id="accountSettings.SettingsFieldValidation_verify_InvalidMobileNumber_byClass_PASS2_details"
                       class="testMethodDetails">
                     <div>
                        <b>Name: </b>verify_InvalidMobileNumber
                     </div>
                     <div>
                        <b>Signature: </b>verify_InvalidMobileNumber()[pri:0, instance:accountSettings.SettingsFieldValidation@26653222]
                     </div>
                     <div>
                        <b>Start time: </b>12:21:48
                     </div>
                     <div>
                        <b>End time: </b>12:21:49
                     </div>
                     <div>
                        <b>Duration: </b>540 ms
                        
                     </div>
                  </div>
               </td>
            </tr>
            <tr></tr>
            <tr id="accountSettings.SettingsFieldValidation_verify_charMobile_byClass_PASS3_row"
                class="testMethodStatusPASS">
               <td width="100%" class="firstMethodCell">
                  <a onclick="toggleDetailsVisibility('accountSettings.SettingsFieldValidation_verify_charMobile_byClass_PASS3_details')">verify_charMobile()</a>
               </td>
               <td nowrap="true">12:21:49</td>
               <td nowrap="true" align="right">435 ms
                  
               </td>
               <td nowrap="true">
                   
                  
               </td>
            </tr>
            <tr>
               <td colspan="4" class="detailsBox">
                  <div id="accountSettings.SettingsFieldValidation_verify_charMobile_byClass_PASS3_details"
                       class="testMethodDetails">
                     <div>
                        <b>Name: </b>verify_charMobile
                     </div>
                     <div>
                        <b>Signature: </b>verify_charMobile()[pri:1, instance:accountSettings.SettingsFieldValidation@26653222]
                     </div>
                     <div>
                        <b>Start time: </b>12:21:49
                     </div>
                     <div>
                        <b>End time: </b>12:21:49
                     </div>
                     <div>
                        <b>Duration: </b>435 ms
                        
                     </div>
                  </div>
               </td>
            </tr>
            <tr></tr>
            <tr id="accountSettings.SettingsFieldValidation_verify_pincode_byClass_PASS4_row"
                class="testMethodStatusPASS">
               <td width="100%" class="firstMethodCell">
                  <a onclick="toggleDetailsVisibility('accountSettings.SettingsFieldValidation_verify_pincode_byClass_PASS4_details')">verify_pincode()</a>
               </td>
               <td nowrap="true">12:21:49</td>
               <td nowrap="true" align="right">516 ms
                  
               </td>
               <td nowrap="true">
                   
                  
               </td>
            </tr>
            <tr>
               <td colspan="4" class="detailsBox">
                  <div id="accountSettings.SettingsFieldValidation_verify_pincode_byClass_PASS4_details"
                       class="testMethodDetails">
                     <div>
                        <b>Name: </b>verify_pincode
                     </div>
                     <div>
                        <b>Signature: </b>verify_pincode()[pri:2, instance:accountSettings.SettingsFieldValidation@26653222]
                     </div>
                     <div>
                        <b>Start time: </b>12:21:49
                     </div>
                     <div>
                        <b>End time: </b>12:21:50
                     </div>
                     <div>
                        <b>Duration: </b>516 ms
                        
                     </div>
                  </div>
               </td>
            </tr>
            <tr></tr>
            <tr id="accountSettings.SettingsFieldValidation_verify_charpincode_byClass_PASS5_row"
                class="testMethodStatusPASS">
               <td width="100%" class="firstMethodCell">
                  <a onclick="toggleDetailsVisibility('accountSettings.SettingsFieldValidation_verify_charpincode_byClass_PASS5_details')">verify_charpincode()</a>
               </td>
               <td nowrap="true">12:21:50</td>
               <td nowrap="true" align="right">484 ms
                  
               </td>
               <td nowrap="true">
                   
                  
               </td>
            </tr>
            <tr>
               <td colspan="4" class="detailsBox">
                  <div id="accountSettings.SettingsFieldValidation_verify_charpincode_byClass_PASS5_details"
                       class="testMethodDetails">
                     <div>
                        <b>Name: </b>verify_charpincode
                     </div>
                     <div>
                        <b>Signature: </b>verify_charpincode()[pri:3, instance:accountSettings.SettingsFieldValidation@26653222]
                     </div>
                     <div>
                        <b>Start time: </b>12:21:50
                     </div>
                     <div>
                        <b>End time: </b>12:21:50
                     </div>
                     <div>
                        <b>Duration: </b>484 ms
                        
                     </div>
                  </div>
               </td>
            </tr>
            <tr></tr>
         </table>
         <br></br>
         <table class="testMethodsTable" cellpadding="0" cellspacing="0">
            <tr>
               <td colspan="4">
                  <h3 style="display: inline;">accountSettings.UpdateAccountDetails</h3>
               </td>
            </tr>
            <tr class="methodsTableHeader">
               <td width="100%">Name</td>
               <td nowrap="true">Started</td>
               <td nowrap="true">Duration</td>
               <td>Exception</td>
            </tr>
            <tr id="accountSettings.UpdateAccountDetails_click_MyAccount_Edit_byClass_FAIL1_row"
                class="testMethodStatusFAIL">
               <td width="100%" class="firstMethodCell">
                  <a onclick="toggleDetailsVisibility('accountSettings.UpdateAccountDetails_click_MyAccount_Edit_byClass_FAIL1_details')">click_MyAccount_Edit()</a>
               </td>
               <td nowrap="true">12:21:16</td>
               <td nowrap="true" align="right">30 ms
                  
               </td>
               <td nowrap="true">
                  <a onclick="toggleDetailsVisibility('accountSettings.UpdateAccountDetails_click_MyAccount_Edit_byClass_FAIL1_exception')">org.openqa.selenium.UnhandledAlertException: 
                     unexpected alert open: {Alert text : 2 of 2 Consignments doesn't have pricing  contract  Or Consignments having Past date.
                     This consignments are not uploaded.}
                     (Session info: chrome=59.0.3071.115)
                     (Driver info: chromedriver=2.30.477700 (0057494ad8732195794a7b32078424f92a5fce41),platform=Windows NT 6.1.7601 SP1 x86_64)
                     (WARNING: The server did not provide any stacktrace information)
                     Command duration or timeout: 10 milliseconds: null
                     Build info: version: '3.4.0', revision: 'unknown', time: 'unknown'
                     System info: host: 'SRANI', ip: '192.168.131.86', os.name: 'Windows 7', os.arch: 'amd64', os.version: '6.1', java.version:
                     '1.8.0_131'
                     Driver info: org.openqa.selenium.chrome.ChromeDriver
                     Capabilities [{applicationCacheEnabled=false, rotatable=false, mobileEmulationEnabled=false, networkConnectionEnabled=false,
                     chrome={chromedriverVersion=2.30.477700 (0057494ad8732195794a7b32078424f92a5fce41), userDataDir=C:\Users\SANDHY~1\AppData\Local\Temp\scoped_dir74296_24245},
                     takesHeapSnapshot=true, pageLoadStrategy=normal, databaseEnabled=false, handlesAlerts=true, hasTouchScreen=false, version=59.0.3071.115,
                     platform=XP, browserConnectionEnabled=false, nativeEvents=true, acceptSslCerts=true, locationContextEnabled=true, webStorageEnabled=true,
                     browserName=chrome, takesScreenshot=true, javascriptEnabled=true, cssSelectorsEnabled=true, unexpectedAlertBehaviour=}]
                     Session ID: 5e92a32c58d6febbd69d74ed8b95c740
                     *** Element info: {Using=css selector, value=a.btn.btn-small.pull-right}
                     
                  </a>
                   
                  
               </td>
            </tr>
            <tr>
               <td colspan="4" class="detailsBox">
                  <div id="accountSettings.UpdateAccountDetails_click_MyAccount_Edit_byClass_FAIL1_details"
                       class="testMethodDetails">
                     <div>
                        <b>Name: </b>click_MyAccount_Edit
                     </div>
                     <div>
                        <b>Signature: </b>click_MyAccount_Edit()[pri:0, instance:accountSettings.UpdateAccountDetails@1d057a39]
                     </div>
                     <div>
                        <b>Start time: </b>12:21:16
                     </div>
                     <div>
                        <b>End time: </b>12:21:16
                     </div>
                     <div>
                        <b>Duration: </b>30 ms
                        
                     </div>
                  </div>
               </td>
            </tr>
            <tr>
               <td colspan="4" class="detailsBox">
                  <div id="accountSettings.UpdateAccountDetails_click_MyAccount_Edit_byClass_FAIL1_exception"
                       class="testMethodDetails">
                     <pre style="padding: 5px; margin: 0;">org.openqa.selenium.UnhandledAlertException: unexpected alert open: {Alert text : 2 of 2 Consignments doesn't have pricing
                        contract  Or Consignments having Past date. This consignments are not uploaded.}
                        (Session info: chrome=59.0.3071.115)
                        (Driver info: chromedriver=2.30.477700 (0057494ad8732195794a7b32078424f92a5fce41),platform=Windows NT 6.1.7601 SP1 x86_64)
                        (WARNING: The server did not provide any stacktrace information)
                        Command duration or timeout: 10 milliseconds: null
                        Build info: version: '3.4.0', revision: 'unknown', time: 'unknown'
                        System info: host: 'SRANI', ip: '192.168.131.86', os.name: 'Windows 7', os.arch: 'amd64', os.version: '6.1', java.version:
                        '1.8.0_131'
                        Driver info: org.openqa.selenium.chrome.ChromeDriver
                        Capabilities [{applicationCacheEnabled=false, rotatable=false, mobileEmulationEnabled=false, networkConnectionEnabled=false,
                        chrome={chromedriverVersion=2.30.477700 (0057494ad8732195794a7b32078424f92a5fce41), userDataDir=C:\Users\SANDHY~1\AppData\Local\Temp\scoped_dir74296_24245},
                        takesHeapSnapshot=true, pageLoadStrategy=normal, databaseEnabled=false, handlesAlerts=true, hasTouchScreen=false, version=59.0.3071.115,
                        platform=XP, browserConnectionEnabled=false, nativeEvents=true, acceptSslCerts=true, locationContextEnabled=true, webStorageEnabled=true,
                        browserName=chrome, takesScreenshot=true, javascriptEnabled=true, cssSelectorsEnabled=true, unexpectedAlertBehaviour=}]
                        Session ID: 5e92a32c58d6febbd69d74ed8b95c740
                        *** Element info: {Using=css selector, value=a.btn.btn-small.pull-right}
                        	at sun.reflect.NativeConstructorAccessorImpl.newInstance0(Native Method)
                        	at sun.reflect.NativeConstructorAccessorImpl.newInstance(Unknown Source)
                        	at sun.reflect.DelegatingConstructorAccessorImpl.newInstance(Unknown Source)
                        	at java.lang.reflect.Constructor.newInstance(Unknown Source)
                        	at org.openqa.selenium.remote.ErrorHandler.createThrowable(ErrorHandler.java:215)
                        	at org.openqa.selenium.remote.ErrorHandler.throwIfResponseFailed(ErrorHandler.java:173)
                        	at org.openqa.selenium.remote.RemoteWebDriver.execute(RemoteWebDriver.java:671)
                        	at org.openqa.selenium.remote.RemoteWebDriver.findElement(RemoteWebDriver.java:410)
                        	at org.openqa.selenium.remote.RemoteWebDriver.findElementByCssSelector(RemoteWebDriver.java:501)
                        	at org.openqa.selenium.By$ByCssSelector.findElement(By.java:430)
                        	at org.openqa.selenium.remote.RemoteWebDriver.findElement(RemoteWebDriver.java:402)
                        	at accountSettings.UpdateAccountDetails.click_MyAccount_Edit(UpdateAccountDetails.java:33)
                        	at sun.reflect.NativeMethodAccessorImpl.invoke0(Native Method)
                        	at sun.reflect.NativeMethodAccessorImpl.invoke(Unknown Source)
                        	at sun.reflect.DelegatingMethodAccessorImpl.invoke(Unknown Source)
                        	at java.lang.reflect.Method.invoke(Unknown Source)
                        	at org.testng.internal.MethodInvocationHelper.invokeMethod(MethodInvocationHelper.java:108)
                        	at org.testng.internal.Invoker.invokeMethod(Invoker.java:661)
                        	at org.testng.internal.Invoker.invokeTestMethod(Invoker.java:869)
                        	at org.testng.internal.Invoker.invokeTestMethods(Invoker.java:1193)
                        	at org.testng.internal.TestMethodWorker.invokeTestMethods(TestMethodWorker.java:126)
                        	at org.testng.internal.TestMethodWorker.run(TestMethodWorker.java:109)
                        	at org.testng.TestRunner.privateRun(TestRunner.java:744)
                        	at org.testng.TestRunner.run(TestRunner.java:602)
                        	at org.testng.SuiteRunner.runTest(SuiteRunner.java:380)
                        	at org.testng.SuiteRunner.runSequentially(SuiteRunner.java:375)
                        	at org.testng.SuiteRunner.privateRun(SuiteRunner.java:340)
                        	at org.testng.SuiteRunner.run(SuiteRunner.java:289)
                        	at org.testng.SuiteRunnerWorker.runSuite(SuiteRunnerWorker.java:52)
                        	at org.testng.SuiteRunnerWorker.run(SuiteRunnerWorker.java:86)
                        	at org.testng.TestNG.runSuitesSequentially(TestNG.java:1301)
                        	at org.testng.TestNG.runSuitesLocally(TestNG.java:1226)
                        	at org.testng.TestNG.runSuites(TestNG.java:1144)
                        	at org.testng.TestNG.run(TestNG.java:1115)
                        	at org.testng.remote.AbstractRemoteTestNG.run(AbstractRemoteTestNG.java:132)
                        	at org.testng.remote.RemoteTestNG.initAndRun(RemoteTestNG.java:230)
                        	at org.testng.remote.RemoteTestNG.main(RemoteTestNG.java:76)
                     </pre>
                  </div>
               </td>
            </tr>
            <tr id="accountSettings.UpdateAccountDetails_update_name_byClass_FAIL2_row"
                class="testMethodStatusFAIL">
               <td width="100%" class="firstMethodCell">
                  <a onclick="toggleDetailsVisibility('accountSettings.UpdateAccountDetails_update_name_byClass_FAIL2_details')">update_name()</a>
               </td>
               <td nowrap="true">12:21:16</td>
               <td nowrap="true" align="right">41 ms
                  
               </td>
               <td nowrap="true">
                  <a onclick="toggleDetailsVisibility('accountSettings.UpdateAccountDetails_update_name_byClass_FAIL2_exception')">org.openqa.selenium.UnhandledAlertException: 
                     unexpected alert open: {Alert text : 2 of 2 Consignments doesn't have pricing  contract  Or Consignments having Past date.
                     This consignments are not uploaded.}
                     (Session info: chrome=59.0.3071.115)
                     (Driver info: chromedriver=2.30.477700 (0057494ad8732195794a7b32078424f92a5fce41),platform=Windows NT 6.1.7601 SP1 x86_64)
                     (WARNING: The server did not provide any stacktrace information)
                     Command duration or timeout: 5 milliseconds: null
                     Build info: version: '3.4.0', revision: 'unknown', time: 'unknown'
                     System info: host: 'SRANI', ip: '192.168.131.86', os.name: 'Windows 7', os.arch: 'amd64', os.version: '6.1', java.version:
                     '1.8.0_131'
                     Driver info: org.openqa.selenium.chrome.ChromeDriver
                     Capabilities [{applicationCacheEnabled=false, rotatable=false, mobileEmulationEnabled=false, networkConnectionEnabled=false,
                     chrome={chromedriverVersion=2.30.477700 (0057494ad8732195794a7b32078424f92a5fce41), userDataDir=C:\Users\SANDHY~1\AppData\Local\Temp\scoped_dir74296_24245},
                     takesHeapSnapshot=true, pageLoadStrategy=normal, databaseEnabled=false, handlesAlerts=true, hasTouchScreen=false, version=59.0.3071.115,
                     platform=XP, browserConnectionEnabled=false, nativeEvents=true, acceptSslCerts=true, locationContextEnabled=true, webStorageEnabled=true,
                     browserName=chrome, takesScreenshot=true, javascriptEnabled=true, cssSelectorsEnabled=true, unexpectedAlertBehaviour=}]
                     Session ID: 5e92a32c58d6febbd69d74ed8b95c740
                     *** Element info: {Using=id, value=DisplayName}
                     
                  </a>
                   
                  
               </td>
            </tr>
            <tr>
               <td colspan="4" class="detailsBox">
                  <div id="accountSettings.UpdateAccountDetails_update_name_byClass_FAIL2_details"
                       class="testMethodDetails">
                     <div>
                        <b>Name: </b>update_name
                     </div>
                     <div>
                        <b>Signature: </b>update_name()[pri:1, instance:accountSettings.UpdateAccountDetails@1d057a39]
                     </div>
                     <div>
                        <b>Start time: </b>12:21:16
                     </div>
                     <div>
                        <b>End time: </b>12:21:16
                     </div>
                     <div>
                        <b>Duration: </b>41 ms
                        
                     </div>
                  </div>
               </td>
            </tr>
            <tr>
               <td colspan="4" class="detailsBox">
                  <div id="accountSettings.UpdateAccountDetails_update_name_byClass_FAIL2_exception"
                       class="testMethodDetails">
                     <pre style="padding: 5px; margin: 0;">org.openqa.selenium.UnhandledAlertException: unexpected alert open: {Alert text : 2 of 2 Consignments doesn't have pricing
                        contract  Or Consignments having Past date. This consignments are not uploaded.}
                        (Session info: chrome=59.0.3071.115)
                        (Driver info: chromedriver=2.30.477700 (0057494ad8732195794a7b32078424f92a5fce41),platform=Windows NT 6.1.7601 SP1 x86_64)
                        (WARNING: The server did not provide any stacktrace information)
                        Command duration or timeout: 5 milliseconds: null
                        Build info: version: '3.4.0', revision: 'unknown', time: 'unknown'
                        System info: host: 'SRANI', ip: '192.168.131.86', os.name: 'Windows 7', os.arch: 'amd64', os.version: '6.1', java.version:
                        '1.8.0_131'
                        Driver info: org.openqa.selenium.chrome.ChromeDriver
                        Capabilities [{applicationCacheEnabled=false, rotatable=false, mobileEmulationEnabled=false, networkConnectionEnabled=false,
                        chrome={chromedriverVersion=2.30.477700 (0057494ad8732195794a7b32078424f92a5fce41), userDataDir=C:\Users\SANDHY~1\AppData\Local\Temp\scoped_dir74296_24245},
                        takesHeapSnapshot=true, pageLoadStrategy=normal, databaseEnabled=false, handlesAlerts=true, hasTouchScreen=false, version=59.0.3071.115,
                        platform=XP, browserConnectionEnabled=false, nativeEvents=true, acceptSslCerts=true, locationContextEnabled=true, webStorageEnabled=true,
                        browserName=chrome, takesScreenshot=true, javascriptEnabled=true, cssSelectorsEnabled=true, unexpectedAlertBehaviour=}]
                        Session ID: 5e92a32c58d6febbd69d74ed8b95c740
                        *** Element info: {Using=id, value=DisplayName}
                        	at sun.reflect.NativeConstructorAccessorImpl.newInstance0(Native Method)
                        	at sun.reflect.NativeConstructorAccessorImpl.newInstance(Unknown Source)
                        	at sun.reflect.DelegatingConstructorAccessorImpl.newInstance(Unknown Source)
                        	at java.lang.reflect.Constructor.newInstance(Unknown Source)
                        	at org.openqa.selenium.remote.ErrorHandler.createThrowable(ErrorHandler.java:215)
                        	at org.openqa.selenium.remote.ErrorHandler.throwIfResponseFailed(ErrorHandler.java:173)
                        	at org.openqa.selenium.remote.RemoteWebDriver.execute(RemoteWebDriver.java:671)
                        	at org.openqa.selenium.remote.RemoteWebDriver.findElement(RemoteWebDriver.java:410)
                        	at org.openqa.selenium.remote.RemoteWebDriver.findElementById(RemoteWebDriver.java:453)
                        	at org.openqa.selenium.By$ById.findElement(By.java:218)
                        	at org.openqa.selenium.remote.RemoteWebDriver.findElement(RemoteWebDriver.java:402)
                        	at accountSettings.UpdateAccountDetails.input_Name(UpdateAccountDetails.java:43)
                        	at accountSettings.UpdateAccountDetails.update_name(UpdateAccountDetails.java:99)
                        	at sun.reflect.NativeMethodAccessorImpl.invoke0(Native Method)
                        	at sun.reflect.NativeMethodAccessorImpl.invoke(Unknown Source)
                        	at sun.reflect.DelegatingMethodAccessorImpl.invoke(Unknown Source)
                        	at java.lang.reflect.Method.invoke(Unknown Source)
                        	at org.testng.internal.MethodInvocationHelper.invokeMethod(MethodInvocationHelper.java:108)
                        	at org.testng.internal.Invoker.invokeMethod(Invoker.java:661)
                        	at org.testng.internal.Invoker.invokeTestMethod(Invoker.java:869)
                        	at org.testng.internal.Invoker.invokeTestMethods(Invoker.java:1193)
                        	at org.testng.internal.TestMethodWorker.invokeTestMethods(TestMethodWorker.java:126)
                        	at org.testng.internal.TestMethodWorker.run(TestMethodWorker.java:109)
                        	at org.testng.TestRunner.privateRun(TestRunner.java:744)
                        	at org.testng.TestRunner.run(TestRunner.java:602)
                        	at org.testng.SuiteRunner.runTest(SuiteRunner.java:380)
                        	at org.testng.SuiteRunner.runSequentially(SuiteRunner.java:375)
                        	at org.testng.SuiteRunner.privateRun(SuiteRunner.java:340)
                        	at org.testng.SuiteRunner.run(SuiteRunner.java:289)
                        	at org.testng.SuiteRunnerWorker.runSuite(SuiteRunnerWorker.java:52)
                        	at org.testng.SuiteRunnerWorker.run(SuiteRunnerWorker.java:86)
                        	at org.testng.TestNG.runSuitesSequentially(TestNG.java:1301)
                        	at org.testng.TestNG.runSuitesLocally(TestNG.java:1226)
                        	at org.testng.TestNG.runSuites(TestNG.java:1144)
                        	at org.testng.TestNG.run(TestNG.java:1115)
                        	at org.testng.remote.AbstractRemoteTestNG.run(AbstractRemoteTestNG.java:132)
                        	at org.testng.remote.RemoteTestNG.initAndRun(RemoteTestNG.java:230)
                        	at org.testng.remote.RemoteTestNG.main(RemoteTestNG.java:76)
                     </pre>
                  </div>
               </td>
            </tr>
            <tr id="accountSettings.UpdateAccountDetails_update_Locality_byClass_FAIL3_row"
                class="testMethodStatusFAIL">
               <td width="100%" class="firstMethodCell">
                  <a onclick="toggleDetailsVisibility('accountSettings.UpdateAccountDetails_update_Locality_byClass_FAIL3_details')">update_Locality()</a>
               </td>
               <td nowrap="true">12:21:16</td>
               <td nowrap="true" align="right">15 ms
                  
               </td>
               <td nowrap="true">
                  <a onclick="toggleDetailsVisibility('accountSettings.UpdateAccountDetails_update_Locality_byClass_FAIL3_exception')">org.openqa.selenium.UnhandledAlertException: 
                     unexpected alert open: {Alert text : 2 of 2 Consignments doesn't have pricing  contract  Or Consignments having Past date.
                     This consignments are not uploaded.}
                     (Session info: chrome=59.0.3071.115)
                     (Driver info: chromedriver=2.30.477700 (0057494ad8732195794a7b32078424f92a5fce41),platform=Windows NT 6.1.7601 SP1 x86_64)
                     (WARNING: The server did not provide any stacktrace information)
                     Command duration or timeout: 2 milliseconds: null
                     Build info: version: '3.4.0', revision: 'unknown', time: 'unknown'
                     System info: host: 'SRANI', ip: '192.168.131.86', os.name: 'Windows 7', os.arch: 'amd64', os.version: '6.1', java.version:
                     '1.8.0_131'
                     Driver info: org.openqa.selenium.chrome.ChromeDriver
                     Capabilities [{applicationCacheEnabled=false, rotatable=false, mobileEmulationEnabled=false, networkConnectionEnabled=false,
                     chrome={chromedriverVersion=2.30.477700 (0057494ad8732195794a7b32078424f92a5fce41), userDataDir=C:\Users\SANDHY~1\AppData\Local\Temp\scoped_dir74296_24245},
                     takesHeapSnapshot=true, pageLoadStrategy=normal, databaseEnabled=false, handlesAlerts=true, hasTouchScreen=false, version=59.0.3071.115,
                     platform=XP, browserConnectionEnabled=false, nativeEvents=true, acceptSslCerts=true, locationContextEnabled=true, webStorageEnabled=true,
                     browserName=chrome, takesScreenshot=true, javascriptEnabled=true, cssSelectorsEnabled=true, unexpectedAlertBehaviour=}]
                     Session ID: 5e92a32c58d6febbd69d74ed8b95c740
                     *** Element info: {Using=css selector, value=a.btn.btn-small.pull-right}
                     
                  </a>
                   
                  
               </td>
            </tr>
            <tr>
               <td colspan="4" class="detailsBox">
                  <div id="accountSettings.UpdateAccountDetails_update_Locality_byClass_FAIL3_details"
                       class="testMethodDetails">
                     <div>
                        <b>Name: </b>update_Locality
                     </div>
                     <div>
                        <b>Signature: </b>update_Locality()[pri:2, instance:accountSettings.UpdateAccountDetails@1d057a39]
                     </div>
                     <div>
                        <b>Start time: </b>12:21:16
                     </div>
                     <div>
                        <b>End time: </b>12:21:16
                     </div>
                     <div>
                        <b>Duration: </b>15 ms
                        
                     </div>
                  </div>
               </td>
            </tr>
            <tr>
               <td colspan="4" class="detailsBox">
                  <div id="accountSettings.UpdateAccountDetails_update_Locality_byClass_FAIL3_exception"
                       class="testMethodDetails">
                     <pre style="padding: 5px; margin: 0;">org.openqa.selenium.UnhandledAlertException: unexpected alert open: {Alert text : 2 of 2 Consignments doesn't have pricing
                        contract  Or Consignments having Past date. This consignments are not uploaded.}
                        (Session info: chrome=59.0.3071.115)
                        (Driver info: chromedriver=2.30.477700 (0057494ad8732195794a7b32078424f92a5fce41),platform=Windows NT 6.1.7601 SP1 x86_64)
                        (WARNING: The server did not provide any stacktrace information)
                        Command duration or timeout: 2 milliseconds: null
                        Build info: version: '3.4.0', revision: 'unknown', time: 'unknown'
                        System info: host: 'SRANI', ip: '192.168.131.86', os.name: 'Windows 7', os.arch: 'amd64', os.version: '6.1', java.version:
                        '1.8.0_131'
                        Driver info: org.openqa.selenium.chrome.ChromeDriver
                        Capabilities [{applicationCacheEnabled=false, rotatable=false, mobileEmulationEnabled=false, networkConnectionEnabled=false,
                        chrome={chromedriverVersion=2.30.477700 (0057494ad8732195794a7b32078424f92a5fce41), userDataDir=C:\Users\SANDHY~1\AppData\Local\Temp\scoped_dir74296_24245},
                        takesHeapSnapshot=true, pageLoadStrategy=normal, databaseEnabled=false, handlesAlerts=true, hasTouchScreen=false, version=59.0.3071.115,
                        platform=XP, browserConnectionEnabled=false, nativeEvents=true, acceptSslCerts=true, locationContextEnabled=true, webStorageEnabled=true,
                        browserName=chrome, takesScreenshot=true, javascriptEnabled=true, cssSelectorsEnabled=true, unexpectedAlertBehaviour=}]
                        Session ID: 5e92a32c58d6febbd69d74ed8b95c740
                        *** Element info: {Using=css selector, value=a.btn.btn-small.pull-right}
                        	at sun.reflect.NativeConstructorAccessorImpl.newInstance0(Native Method)
                        	at sun.reflect.NativeConstructorAccessorImpl.newInstance(Unknown Source)
                        	at sun.reflect.DelegatingConstructorAccessorImpl.newInstance(Unknown Source)
                        	at java.lang.reflect.Constructor.newInstance(Unknown Source)
                        	at org.openqa.selenium.remote.ErrorHandler.createThrowable(ErrorHandler.java:215)
                        	at org.openqa.selenium.remote.ErrorHandler.throwIfResponseFailed(ErrorHandler.java:173)
                        	at org.openqa.selenium.remote.RemoteWebDriver.execute(RemoteWebDriver.java:671)
                        	at org.openqa.selenium.remote.RemoteWebDriver.findElement(RemoteWebDriver.java:410)
                        	at org.openqa.selenium.remote.RemoteWebDriver.findElementByCssSelector(RemoteWebDriver.java:501)
                        	at org.openqa.selenium.By$ByCssSelector.findElement(By.java:430)
                        	at org.openqa.selenium.remote.RemoteWebDriver.findElement(RemoteWebDriver.java:402)
                        	at accountSettings.UpdateAccountDetails.click_MyAccount_Edit(UpdateAccountDetails.java:33)
                        	at accountSettings.UpdateAccountDetails.update_Locality(UpdateAccountDetails.java:154)
                        	at sun.reflect.NativeMethodAccessorImpl.invoke0(Native Method)
                        	at sun.reflect.NativeMethodAccessorImpl.invoke(Unknown Source)
                        	at sun.reflect.DelegatingMethodAccessorImpl.invoke(Unknown Source)
                        	at java.lang.reflect.Method.invoke(Unknown Source)
                        	at org.testng.internal.MethodInvocationHelper.invokeMethod(MethodInvocationHelper.java:108)
                        	at org.testng.internal.Invoker.invokeMethod(Invoker.java:661)
                        	at org.testng.internal.Invoker.invokeTestMethod(Invoker.java:869)
                        	at org.testng.internal.Invoker.invokeTestMethods(Invoker.java:1193)
                        	at org.testng.internal.TestMethodWorker.invokeTestMethods(TestMethodWorker.java:126)
                        	at org.testng.internal.TestMethodWorker.run(TestMethodWorker.java:109)
                        	at org.testng.TestRunner.privateRun(TestRunner.java:744)
                        	at org.testng.TestRunner.run(TestRunner.java:602)
                        	at org.testng.SuiteRunner.runTest(SuiteRunner.java:380)
                        	at org.testng.SuiteRunner.runSequentially(SuiteRunner.java:375)
                        	at org.testng.SuiteRunner.privateRun(SuiteRunner.java:340)
                        	at org.testng.SuiteRunner.run(SuiteRunner.java:289)
                        	at org.testng.SuiteRunnerWorker.runSuite(SuiteRunnerWorker.java:52)
                        	at org.testng.SuiteRunnerWorker.run(SuiteRunnerWorker.java:86)
                        	at org.testng.TestNG.runSuitesSequentially(TestNG.java:1301)
                        	at org.testng.TestNG.runSuitesLocally(TestNG.java:1226)
                        	at org.testng.TestNG.runSuites(TestNG.java:1144)
                        	at org.testng.TestNG.run(TestNG.java:1115)
                        	at org.testng.remote.AbstractRemoteTestNG.run(AbstractRemoteTestNG.java:132)
                        	at org.testng.remote.RemoteTestNG.initAndRun(RemoteTestNG.java:230)
                        	at org.testng.remote.RemoteTestNG.main(RemoteTestNG.java:76)
                     </pre>
                  </div>
               </td>
            </tr>
            <tr id="accountSettings.UpdateAccountDetails_update_mobile_byClass_FAIL4_row"
                class="testMethodStatusFAIL">
               <td width="100%" class="firstMethodCell">
                  <a onclick="toggleDetailsVisibility('accountSettings.UpdateAccountDetails_update_mobile_byClass_FAIL4_details')">update_mobile()</a>
               </td>
               <td nowrap="true">12:21:16</td>
               <td nowrap="true" align="right">12 ms
                  
               </td>
               <td nowrap="true">
                  <a onclick="toggleDetailsVisibility('accountSettings.UpdateAccountDetails_update_mobile_byClass_FAIL4_exception')">org.openqa.selenium.UnhandledAlertException: 
                     unexpected alert open: {Alert text : 2 of 2 Consignments doesn't have pricing  contract  Or Consignments having Past date.
                     This consignments are not uploaded.}
                     (Session info: chrome=59.0.3071.115)
                     (Driver info: chromedriver=2.30.477700 (0057494ad8732195794a7b32078424f92a5fce41),platform=Windows NT 6.1.7601 SP1 x86_64)
                     (WARNING: The server did not provide any stacktrace information)
                     Command duration or timeout: 3 milliseconds: null
                     Build info: version: '3.4.0', revision: 'unknown', time: 'unknown'
                     System info: host: 'SRANI', ip: '192.168.131.86', os.name: 'Windows 7', os.arch: 'amd64', os.version: '6.1', java.version:
                     '1.8.0_131'
                     Driver info: org.openqa.selenium.chrome.ChromeDriver
                     Capabilities [{applicationCacheEnabled=false, rotatable=false, mobileEmulationEnabled=false, networkConnectionEnabled=false,
                     chrome={chromedriverVersion=2.30.477700 (0057494ad8732195794a7b32078424f92a5fce41), userDataDir=C:\Users\SANDHY~1\AppData\Local\Temp\scoped_dir74296_24245},
                     takesHeapSnapshot=true, pageLoadStrategy=normal, databaseEnabled=false, handlesAlerts=true, hasTouchScreen=false, version=59.0.3071.115,
                     platform=XP, browserConnectionEnabled=false, nativeEvents=true, acceptSslCerts=true, locationContextEnabled=true, webStorageEnabled=true,
                     browserName=chrome, takesScreenshot=true, javascriptEnabled=true, cssSelectorsEnabled=true, unexpectedAlertBehaviour=}]
                     Session ID: 5e92a32c58d6febbd69d74ed8b95c740
                     *** Element info: {Using=css selector, value=a.btn.btn-small.pull-right}
                     
                  </a>
                   
                  
               </td>
            </tr>
            <tr>
               <td colspan="4" class="detailsBox">
                  <div id="accountSettings.UpdateAccountDetails_update_mobile_byClass_FAIL4_details"
                       class="testMethodDetails">
                     <div>
                        <b>Name: </b>update_mobile
                     </div>
                     <div>
                        <b>Signature: </b>update_mobile()[pri:3, instance:accountSettings.UpdateAccountDetails@1d057a39]
                     </div>
                     <div>
                        <b>Start time: </b>12:21:16
                     </div>
                     <div>
                        <b>End time: </b>12:21:16
                     </div>
                     <div>
                        <b>Duration: </b>12 ms
                        
                     </div>
                  </div>
               </td>
            </tr>
            <tr>
               <td colspan="4" class="detailsBox">
                  <div id="accountSettings.UpdateAccountDetails_update_mobile_byClass_FAIL4_exception"
                       class="testMethodDetails">
                     <pre style="padding: 5px; margin: 0;">org.openqa.selenium.UnhandledAlertException: unexpected alert open: {Alert text : 2 of 2 Consignments doesn't have pricing
                        contract  Or Consignments having Past date. This consignments are not uploaded.}
                        (Session info: chrome=59.0.3071.115)
                        (Driver info: chromedriver=2.30.477700 (0057494ad8732195794a7b32078424f92a5fce41),platform=Windows NT 6.1.7601 SP1 x86_64)
                        (WARNING: The server did not provide any stacktrace information)
                        Command duration or timeout: 3 milliseconds: null
                        Build info: version: '3.4.0', revision: 'unknown', time: 'unknown'
                        System info: host: 'SRANI', ip: '192.168.131.86', os.name: 'Windows 7', os.arch: 'amd64', os.version: '6.1', java.version:
                        '1.8.0_131'
                        Driver info: org.openqa.selenium.chrome.ChromeDriver
                        Capabilities [{applicationCacheEnabled=false, rotatable=false, mobileEmulationEnabled=false, networkConnectionEnabled=false,
                        chrome={chromedriverVersion=2.30.477700 (0057494ad8732195794a7b32078424f92a5fce41), userDataDir=C:\Users\SANDHY~1\AppData\Local\Temp\scoped_dir74296_24245},
                        takesHeapSnapshot=true, pageLoadStrategy=normal, databaseEnabled=false, handlesAlerts=true, hasTouchScreen=false, version=59.0.3071.115,
                        platform=XP, browserConnectionEnabled=false, nativeEvents=true, acceptSslCerts=true, locationContextEnabled=true, webStorageEnabled=true,
                        browserName=chrome, takesScreenshot=true, javascriptEnabled=true, cssSelectorsEnabled=true, unexpectedAlertBehaviour=}]
                        Session ID: 5e92a32c58d6febbd69d74ed8b95c740
                        *** Element info: {Using=css selector, value=a.btn.btn-small.pull-right}
                        	at sun.reflect.NativeConstructorAccessorImpl.newInstance0(Native Method)
                        	at sun.reflect.NativeConstructorAccessorImpl.newInstance(Unknown Source)
                        	at sun.reflect.DelegatingConstructorAccessorImpl.newInstance(Unknown Source)
                        	at java.lang.reflect.Constructor.newInstance(Unknown Source)
                        	at org.openqa.selenium.remote.ErrorHandler.createThrowable(ErrorHandler.java:215)
                        	at org.openqa.selenium.remote.ErrorHandler.throwIfResponseFailed(ErrorHandler.java:173)
                        	at org.openqa.selenium.remote.RemoteWebDriver.execute(RemoteWebDriver.java:671)
                        	at org.openqa.selenium.remote.RemoteWebDriver.findElement(RemoteWebDriver.java:410)
                        	at org.openqa.selenium.remote.RemoteWebDriver.findElementByCssSelector(RemoteWebDriver.java:501)
                        	at org.openqa.selenium.By$ByCssSelector.findElement(By.java:430)
                        	at org.openqa.selenium.remote.RemoteWebDriver.findElement(RemoteWebDriver.java:402)
                        	at accountSettings.UpdateAccountDetails.click_MyAccount_Edit(UpdateAccountDetails.java:33)
                        	at accountSettings.UpdateAccountDetails.update_mobile(UpdateAccountDetails.java:113)
                        	at sun.reflect.NativeMethodAccessorImpl.invoke0(Native Method)
                        	at sun.reflect.NativeMethodAccessorImpl.invoke(Unknown Source)
                        	at sun.reflect.DelegatingMethodAccessorImpl.invoke(Unknown Source)
                        	at java.lang.reflect.Method.invoke(Unknown Source)
                        	at org.testng.internal.MethodInvocationHelper.invokeMethod(MethodInvocationHelper.java:108)
                        	at org.testng.internal.Invoker.invokeMethod(Invoker.java:661)
                        	at org.testng.internal.Invoker.invokeTestMethod(Invoker.java:869)
                        	at org.testng.internal.Invoker.invokeTestMethods(Invoker.java:1193)
                        	at org.testng.internal.TestMethodWorker.invokeTestMethods(TestMethodWorker.java:126)
                        	at org.testng.internal.TestMethodWorker.run(TestMethodWorker.java:109)
                        	at org.testng.TestRunner.privateRun(TestRunner.java:744)
                        	at org.testng.TestRunner.run(TestRunner.java:602)
                        	at org.testng.SuiteRunner.runTest(SuiteRunner.java:380)
                        	at org.testng.SuiteRunner.runSequentially(SuiteRunner.java:375)
                        	at org.testng.SuiteRunner.privateRun(SuiteRunner.java:340)
                        	at org.testng.SuiteRunner.run(SuiteRunner.java:289)
                        	at org.testng.SuiteRunnerWorker.runSuite(SuiteRunnerWorker.java:52)
                        	at org.testng.SuiteRunnerWorker.run(SuiteRunnerWorker.java:86)
                        	at org.testng.TestNG.runSuitesSequentially(TestNG.java:1301)
                        	at org.testng.TestNG.runSuitesLocally(TestNG.java:1226)
                        	at org.testng.TestNG.runSuites(TestNG.java:1144)
                        	at org.testng.TestNG.run(TestNG.java:1115)
                        	at org.testng.remote.AbstractRemoteTestNG.run(AbstractRemoteTestNG.java:132)
                        	at org.testng.remote.RemoteTestNG.initAndRun(RemoteTestNG.java:230)
                        	at org.testng.remote.RemoteTestNG.main(RemoteTestNG.java:76)
                     </pre>
                  </div>
               </td>
            </tr>
         </table>
         <br></br>
         <table class="testMethodsTable" cellpadding="0" cellspacing="0">
            <tr>
               <td colspan="4">
                  <h3 style="display: inline;">accountSettings.UploadImage</h3>
               </td>
            </tr>
            <tr class="methodsTableHeader">
               <td width="100%">Name</td>
               <td nowrap="true">Started</td>
               <td nowrap="true">Duration</td>
               <td>Exception</td>
            </tr>
            <tr id="accountSettings.UploadImage_click_MyAccountTab_byClass_FAIL1_row"
                class="testMethodStatusFAIL">
               <td width="100%" class="firstMethodCell">
                  <a onclick="toggleDetailsVisibility('accountSettings.UploadImage_click_MyAccountTab_byClass_FAIL1_details')">click_MyAccountTab()</a>
               </td>
               <td nowrap="true">12:21:16</td>
               <td nowrap="true" align="right">45 ms
                  
               </td>
               <td nowrap="true">
                  <a onclick="toggleDetailsVisibility('accountSettings.UploadImage_click_MyAccountTab_byClass_FAIL1_exception')">org.openqa.selenium.UnhandledAlertException: 
                     unexpected alert open: {Alert text : 2 of 2 Consignments doesn't have pricing  contract  Or Consignments having Past date.
                     This consignments are not uploaded.}
                     (Session info: chrome=59.0.3071.115)
                     (Driver info: chromedriver=2.30.477700 (0057494ad8732195794a7b32078424f92a5fce41),platform=Windows NT 6.1.7601 SP1 x86_64)
                     (WARNING: The server did not provide any stacktrace information)
                     Command duration or timeout: 23 milliseconds: null
                     Build info: version: '3.4.0', revision: 'unknown', time: 'unknown'
                     System info: host: 'SRANI', ip: '192.168.131.86', os.name: 'Windows 7', os.arch: 'amd64', os.version: '6.1', java.version:
                     '1.8.0_131'
                     Driver info: org.openqa.selenium.chrome.ChromeDriver
                     Capabilities [{applicationCacheEnabled=false, rotatable=false, mobileEmulationEnabled=false, networkConnectionEnabled=false,
                     chrome={chromedriverVersion=2.30.477700 (0057494ad8732195794a7b32078424f92a5fce41), userDataDir=C:\Users\SANDHY~1\AppData\Local\Temp\scoped_dir74296_24245},
                     takesHeapSnapshot=true, pageLoadStrategy=normal, databaseEnabled=false, handlesAlerts=true, hasTouchScreen=false, version=59.0.3071.115,
                     platform=XP, browserConnectionEnabled=false, nativeEvents=true, acceptSslCerts=true, locationContextEnabled=true, webStorageEnabled=true,
                     browserName=chrome, takesScreenshot=true, javascriptEnabled=true, cssSelectorsEnabled=true, unexpectedAlertBehaviour=}]
                     Session ID: 5e92a32c58d6febbd69d74ed8b95c740
                     *** Element info: {Using=id, value=lnkAccount}
                     
                  </a>
                   
                  
               </td>
            </tr>
            <tr>
               <td colspan="4" class="detailsBox">
                  <div id="accountSettings.UploadImage_click_MyAccountTab_byClass_FAIL1_details"
                       class="testMethodDetails">
                     <div>
                        <b>Name: </b>click_MyAccountTab
                     </div>
                     <div>
                        <b>Signature: </b>click_MyAccountTab()[pri:0, instance:accountSettings.UploadImage@cc285f4]
                     </div>
                     <div>
                        <b>Start time: </b>12:21:16
                     </div>
                     <div>
                        <b>End time: </b>12:21:16
                     </div>
                     <div>
                        <b>Duration: </b>45 ms
                        
                     </div>
                  </div>
               </td>
            </tr>
            <tr>
               <td colspan="4" class="detailsBox">
                  <div id="accountSettings.UploadImage_click_MyAccountTab_byClass_FAIL1_exception"
                       class="testMethodDetails">
                     <pre style="padding: 5px; margin: 0;">org.openqa.selenium.UnhandledAlertException: unexpected alert open: {Alert text : 2 of 2 Consignments doesn't have pricing
                        contract  Or Consignments having Past date. This consignments are not uploaded.}
                        (Session info: chrome=59.0.3071.115)
                        (Driver info: chromedriver=2.30.477700 (0057494ad8732195794a7b32078424f92a5fce41),platform=Windows NT 6.1.7601 SP1 x86_64)
                        (WARNING: The server did not provide any stacktrace information)
                        Command duration or timeout: 23 milliseconds: null
                        Build info: version: '3.4.0', revision: 'unknown', time: 'unknown'
                        System info: host: 'SRANI', ip: '192.168.131.86', os.name: 'Windows 7', os.arch: 'amd64', os.version: '6.1', java.version:
                        '1.8.0_131'
                        Driver info: org.openqa.selenium.chrome.ChromeDriver
                        Capabilities [{applicationCacheEnabled=false, rotatable=false, mobileEmulationEnabled=false, networkConnectionEnabled=false,
                        chrome={chromedriverVersion=2.30.477700 (0057494ad8732195794a7b32078424f92a5fce41), userDataDir=C:\Users\SANDHY~1\AppData\Local\Temp\scoped_dir74296_24245},
                        takesHeapSnapshot=true, pageLoadStrategy=normal, databaseEnabled=false, handlesAlerts=true, hasTouchScreen=false, version=59.0.3071.115,
                        platform=XP, browserConnectionEnabled=false, nativeEvents=true, acceptSslCerts=true, locationContextEnabled=true, webStorageEnabled=true,
                        browserName=chrome, takesScreenshot=true, javascriptEnabled=true, cssSelectorsEnabled=true, unexpectedAlertBehaviour=}]
                        Session ID: 5e92a32c58d6febbd69d74ed8b95c740
                        *** Element info: {Using=id, value=lnkAccount}
                        	at sun.reflect.NativeConstructorAccessorImpl.newInstance0(Native Method)
                        	at sun.reflect.NativeConstructorAccessorImpl.newInstance(Unknown Source)
                        	at sun.reflect.DelegatingConstructorAccessorImpl.newInstance(Unknown Source)
                        	at java.lang.reflect.Constructor.newInstance(Unknown Source)
                        	at org.openqa.selenium.remote.ErrorHandler.createThrowable(ErrorHandler.java:215)
                        	at org.openqa.selenium.remote.ErrorHandler.throwIfResponseFailed(ErrorHandler.java:173)
                        	at org.openqa.selenium.remote.RemoteWebDriver.execute(RemoteWebDriver.java:671)
                        	at org.openqa.selenium.remote.RemoteWebDriver.findElement(RemoteWebDriver.java:410)
                        	at org.openqa.selenium.remote.RemoteWebDriver.findElementById(RemoteWebDriver.java:453)
                        	at org.openqa.selenium.By$ById.findElement(By.java:218)
                        	at org.openqa.selenium.remote.RemoteWebDriver.findElement(RemoteWebDriver.java:402)
                        	at accountSettings.UploadImage.click_MyAccountTab(UploadImage.java:32)
                        	at sun.reflect.NativeMethodAccessorImpl.invoke0(Native Method)
                        	at sun.reflect.NativeMethodAccessorImpl.invoke(Unknown Source)
                        	at sun.reflect.DelegatingMethodAccessorImpl.invoke(Unknown Source)
                        	at java.lang.reflect.Method.invoke(Unknown Source)
                        	at org.testng.internal.MethodInvocationHelper.invokeMethod(MethodInvocationHelper.java:108)
                        	at org.testng.internal.Invoker.invokeMethod(Invoker.java:661)
                        	at org.testng.internal.Invoker.invokeTestMethod(Invoker.java:869)
                        	at org.testng.internal.Invoker.invokeTestMethods(Invoker.java:1193)
                        	at org.testng.internal.TestMethodWorker.invokeTestMethods(TestMethodWorker.java:126)
                        	at org.testng.internal.TestMethodWorker.run(TestMethodWorker.java:109)
                        	at org.testng.TestRunner.privateRun(TestRunner.java:744)
                        	at org.testng.TestRunner.run(TestRunner.java:602)
                        	at org.testng.SuiteRunner.runTest(SuiteRunner.java:380)
                        	at org.testng.SuiteRunner.runSequentially(SuiteRunner.java:375)
                        	at org.testng.SuiteRunner.privateRun(SuiteRunner.java:340)
                        	at org.testng.SuiteRunner.run(SuiteRunner.java:289)
                        	at org.testng.SuiteRunnerWorker.runSuite(SuiteRunnerWorker.java:52)
                        	at org.testng.SuiteRunnerWorker.run(SuiteRunnerWorker.java:86)
                        	at org.testng.TestNG.runSuitesSequentially(TestNG.java:1301)
                        	at org.testng.TestNG.runSuitesLocally(TestNG.java:1226)
                        	at org.testng.TestNG.runSuites(TestNG.java:1144)
                        	at org.testng.TestNG.run(TestNG.java:1115)
                        	at org.testng.remote.AbstractRemoteTestNG.run(AbstractRemoteTestNG.java:132)
                        	at org.testng.remote.RemoteTestNG.initAndRun(RemoteTestNG.java:230)
                        	at org.testng.remote.RemoteTestNG.main(RemoteTestNG.java:76)
                     </pre>
                  </div>
               </td>
            </tr>
            <tr id="accountSettings.UploadImage_click_BrowseImage_byClass_FAIL2_row"
                class="testMethodStatusFAIL">
               <td width="100%" class="firstMethodCell">
                  <a onclick="toggleDetailsVisibility('accountSettings.UploadImage_click_BrowseImage_byClass_FAIL2_details')">click_BrowseImage()</a>
               </td>
               <td nowrap="true">12:21:16</td>
               <td nowrap="true" align="right">24 ms
                  
               </td>
               <td nowrap="true">
                  <a onclick="toggleDetailsVisibility('accountSettings.UploadImage_click_BrowseImage_byClass_FAIL2_exception')">org.openqa.selenium.UnhandledAlertException: 
                     unexpected alert open: {Alert text : 2 of 2 Consignments doesn't have pricing  contract  Or Consignments having Past date.
                     This consignments are not uploaded.}
                     (Session info: chrome=59.0.3071.115)
                     (Driver info: chromedriver=2.30.477700 (0057494ad8732195794a7b32078424f92a5fce41),platform=Windows NT 6.1.7601 SP1 x86_64)
                     (WARNING: The server did not provide any stacktrace information)
                     Command duration or timeout: 16 milliseconds: null
                     Build info: version: '3.4.0', revision: 'unknown', time: 'unknown'
                     System info: host: 'SRANI', ip: '192.168.131.86', os.name: 'Windows 7', os.arch: 'amd64', os.version: '6.1', java.version:
                     '1.8.0_131'
                     Driver info: org.openqa.selenium.chrome.ChromeDriver
                     Capabilities [{applicationCacheEnabled=false, rotatable=false, mobileEmulationEnabled=false, networkConnectionEnabled=false,
                     chrome={chromedriverVersion=2.30.477700 (0057494ad8732195794a7b32078424f92a5fce41), userDataDir=C:\Users\SANDHY~1\AppData\Local\Temp\scoped_dir74296_24245},
                     takesHeapSnapshot=true, pageLoadStrategy=normal, databaseEnabled=false, handlesAlerts=true, hasTouchScreen=false, version=59.0.3071.115,
                     platform=XP, browserConnectionEnabled=false, nativeEvents=true, acceptSslCerts=true, locationContextEnabled=true, webStorageEnabled=true,
                     browserName=chrome, takesScreenshot=true, javascriptEnabled=true, cssSelectorsEnabled=true, unexpectedAlertBehaviour=}]
                     Session ID: 5e92a32c58d6febbd69d74ed8b95c740
                     *** Element info: {Using=xpath, value=id('btnProfilepic')}
                     
                  </a>
                   
                  
               </td>
            </tr>
            <tr>
               <td colspan="4" class="detailsBox">
                  <div id="accountSettings.UploadImage_click_BrowseImage_byClass_FAIL2_details"
                       class="testMethodDetails">
                     <div>
                        <b>Name: </b>click_BrowseImage
                     </div>
                     <div>
                        <b>Signature: </b>click_BrowseImage()[pri:1, instance:accountSettings.UploadImage@cc285f4]
                     </div>
                     <div>
                        <b>Start time: </b>12:21:16
                     </div>
                     <div>
                        <b>End time: </b>12:21:16
                     </div>
                     <div>
                        <b>Duration: </b>24 ms
                        
                     </div>
                  </div>
               </td>
            </tr>
            <tr>
               <td colspan="4" class="detailsBox">
                  <div id="accountSettings.UploadImage_click_BrowseImage_byClass_FAIL2_exception"
                       class="testMethodDetails">
                     <pre style="padding: 5px; margin: 0;">org.openqa.selenium.UnhandledAlertException: unexpected alert open: {Alert text : 2 of 2 Consignments doesn't have pricing
                        contract  Or Consignments having Past date. This consignments are not uploaded.}
                        (Session info: chrome=59.0.3071.115)
                        (Driver info: chromedriver=2.30.477700 (0057494ad8732195794a7b32078424f92a5fce41),platform=Windows NT 6.1.7601 SP1 x86_64)
                        (WARNING: The server did not provide any stacktrace information)
                        Command duration or timeout: 16 milliseconds: null
                        Build info: version: '3.4.0', revision: 'unknown', time: 'unknown'
                        System info: host: 'SRANI', ip: '192.168.131.86', os.name: 'Windows 7', os.arch: 'amd64', os.version: '6.1', java.version:
                        '1.8.0_131'
                        Driver info: org.openqa.selenium.chrome.ChromeDriver
                        Capabilities [{applicationCacheEnabled=false, rotatable=false, mobileEmulationEnabled=false, networkConnectionEnabled=false,
                        chrome={chromedriverVersion=2.30.477700 (0057494ad8732195794a7b32078424f92a5fce41), userDataDir=C:\Users\SANDHY~1\AppData\Local\Temp\scoped_dir74296_24245},
                        takesHeapSnapshot=true, pageLoadStrategy=normal, databaseEnabled=false, handlesAlerts=true, hasTouchScreen=false, version=59.0.3071.115,
                        platform=XP, browserConnectionEnabled=false, nativeEvents=true, acceptSslCerts=true, locationContextEnabled=true, webStorageEnabled=true,
                        browserName=chrome, takesScreenshot=true, javascriptEnabled=true, cssSelectorsEnabled=true, unexpectedAlertBehaviour=}]
                        Session ID: 5e92a32c58d6febbd69d74ed8b95c740
                        *** Element info: {Using=xpath, value=id('btnProfilepic')}
                        	at sun.reflect.NativeConstructorAccessorImpl.newInstance0(Native Method)
                        	at sun.reflect.NativeConstructorAccessorImpl.newInstance(Unknown Source)
                        	at sun.reflect.DelegatingConstructorAccessorImpl.newInstance(Unknown Source)
                        	at java.lang.reflect.Constructor.newInstance(Unknown Source)
                        	at org.openqa.selenium.remote.ErrorHandler.createThrowable(ErrorHandler.java:215)
                        	at org.openqa.selenium.remote.ErrorHandler.throwIfResponseFailed(ErrorHandler.java:173)
                        	at org.openqa.selenium.remote.RemoteWebDriver.execute(RemoteWebDriver.java:671)
                        	at org.openqa.selenium.remote.RemoteWebDriver.findElement(RemoteWebDriver.java:410)
                        	at org.openqa.selenium.remote.RemoteWebDriver.findElementByXPath(RemoteWebDriver.java:509)
                        	at org.openqa.selenium.By$ByXPath.findElement(By.java:361)
                        	at org.openqa.selenium.remote.RemoteWebDriver.findElement(RemoteWebDriver.java:402)
                        	at accountSettings.UploadImage.click_BrowseImage(UploadImage.java:40)
                        	at sun.reflect.NativeMethodAccessorImpl.invoke0(Native Method)
                        	at sun.reflect.NativeMethodAccessorImpl.invoke(Unknown Source)
                        	at sun.reflect.DelegatingMethodAccessorImpl.invoke(Unknown Source)
                        	at java.lang.reflect.Method.invoke(Unknown Source)
                        	at org.testng.internal.MethodInvocationHelper.invokeMethod(MethodInvocationHelper.java:108)
                        	at org.testng.internal.Invoker.invokeMethod(Invoker.java:661)
                        	at org.testng.internal.Invoker.invokeTestMethod(Invoker.java:869)
                        	at org.testng.internal.Invoker.invokeTestMethods(Invoker.java:1193)
                        	at org.testng.internal.TestMethodWorker.invokeTestMethods(TestMethodWorker.java:126)
                        	at org.testng.internal.TestMethodWorker.run(TestMethodWorker.java:109)
                        	at org.testng.TestRunner.privateRun(TestRunner.java:744)
                        	at org.testng.TestRunner.run(TestRunner.java:602)
                        	at org.testng.SuiteRunner.runTest(SuiteRunner.java:380)
                        	at org.testng.SuiteRunner.runSequentially(SuiteRunner.java:375)
                        	at org.testng.SuiteRunner.privateRun(SuiteRunner.java:340)
                        	at org.testng.SuiteRunner.run(SuiteRunner.java:289)
                        	at org.testng.SuiteRunnerWorker.runSuite(SuiteRunnerWorker.java:52)
                        	at org.testng.SuiteRunnerWorker.run(SuiteRunnerWorker.java:86)
                        	at org.testng.TestNG.runSuitesSequentially(TestNG.java:1301)
                        	at org.testng.TestNG.runSuitesLocally(TestNG.java:1226)
                        	at org.testng.TestNG.runSuites(TestNG.java:1144)
                        	at org.testng.TestNG.run(TestNG.java:1115)
                        	at org.testng.remote.AbstractRemoteTestNG.run(AbstractRemoteTestNG.java:132)
                        	at org.testng.remote.RemoteTestNG.initAndRun(RemoteTestNG.java:230)
                        	at org.testng.remote.RemoteTestNG.main(RemoteTestNG.java:76)
                     </pre>
                  </div>
               </td>
            </tr>
         </table>
         <br></br>
         <table class="testMethodsTable" cellpadding="0" cellspacing="0">
            <tr>
               <td colspan="4">
                  <h3 style="display: inline;">bulkConsignment.uploadConsignment</h3>
               </td>
            </tr>
            <tr class="methodsTableHeader">
               <td width="100%">Name</td>
               <td nowrap="true">Started</td>
               <td nowrap="true">Duration</td>
               <td>Exception</td>
            </tr>
            <tr id="bulkConsignment.uploadConsignment_click_BulkConsignmentTab_byClass_PASS1_row"
                class="testMethodStatusPASS">
               <td width="100%" class="firstMethodCell">
                  <a onclick="toggleDetailsVisibility('bulkConsignment.uploadConsignment_click_BulkConsignmentTab_byClass_PASS1_details')">click_BulkConsignmentTab()</a>
               </td>
               <td nowrap="true">12:20:58</td>
               <td nowrap="true" align="right">3s
                  
               </td>
               <td nowrap="true">
                   
                  
               </td>
            </tr>
            <tr>
               <td colspan="4" class="detailsBox">
                  <div id="bulkConsignment.uploadConsignment_click_BulkConsignmentTab_byClass_PASS1_details"
                       class="testMethodDetails">
                     <div>
                        <b>Name: </b>click_BulkConsignmentTab
                     </div>
                     <div>
                        <b>Signature: </b>click_BulkConsignmentTab()[pri:0, instance:bulkConsignment.uploadConsignment@457e2f02]
                     </div>
                     <div>
                        <b>Start time: </b>12:20:58
                     </div>
                     <div>
                        <b>End time: </b>12:21:02
                     </div>
                     <div>
                        <b>Duration: </b>3s
                        
                     </div>
                  </div>
               </td>
            </tr>
            <tr></tr>
            <tr id="bulkConsignment.uploadConsignment_click_BrowseExcel_byClass_PASS2_row"
                class="testMethodStatusPASS">
               <td width="100%" class="firstMethodCell">
                  <a onclick="toggleDetailsVisibility('bulkConsignment.uploadConsignment_click_BrowseExcel_byClass_PASS2_details')">click_BrowseExcel()</a>
               </td>
               <td nowrap="true">12:21:02</td>
               <td nowrap="true" align="right">316 ms
                  
               </td>
               <td nowrap="true">
                   
                  
               </td>
            </tr>
            <tr>
               <td colspan="4" class="detailsBox">
                  <div id="bulkConsignment.uploadConsignment_click_BrowseExcel_byClass_PASS2_details"
                       class="testMethodDetails">
                     <div>
                        <b>Name: </b>click_BrowseExcel
                     </div>
                     <div>
                        <b>Signature: </b>click_BrowseExcel()[pri:1, instance:bulkConsignment.uploadConsignment@457e2f02]
                     </div>
                     <div>
                        <b>Start time: </b>12:21:02
                     </div>
                     <div>
                        <b>End time: </b>12:21:02
                     </div>
                     <div>
                        <b>Duration: </b>316 ms
                        
                     </div>
                  </div>
               </td>
            </tr>
            <tr></tr>
            <tr id="bulkConsignment.uploadConsignment_click_Upload_byClass_PASS3_row"
                class="testMethodStatusPASS">
               <td width="100%" class="firstMethodCell">
                  <a onclick="toggleDetailsVisibility('bulkConsignment.uploadConsignment_click_Upload_byClass_PASS3_details')">click_Upload()</a>
               </td>
               <td nowrap="true">12:21:02</td>
               <td nowrap="true" align="right">13s
                  
               </td>
               <td nowrap="true">
                   
                  
               </td>
            </tr>
            <tr>
               <td colspan="4" class="detailsBox">
                  <div id="bulkConsignment.uploadConsignment_click_Upload_byClass_PASS3_details"
                       class="testMethodDetails">
                     <div>
                        <b>Name: </b>click_Upload
                     </div>
                     <div>
                        <b>Signature: </b>click_Upload()[pri:2, instance:bulkConsignment.uploadConsignment@457e2f02]
                     </div>
                     <div>
                        <b>Start time: </b>12:21:02
                     </div>
                     <div>
                        <b>End time: </b>12:21:16
                     </div>
                     <div>
                        <b>Duration: </b>13s
                        
                     </div>
                  </div>
               </td>
            </tr>
            <tr></tr>
         </table>
         <br></br>
         <table class="testMethodsTable" cellpadding="0" cellspacing="0">
            <tr>
               <td colspan="4">
                  <h3 style="display: inline;">login.FieldValidations</h3>
               </td>
            </tr>
            <tr class="methodsTableHeader">
               <td width="100%">Name</td>
               <td nowrap="true">Started</td>
               <td nowrap="true">Duration</td>
               <td>Exception</td>
            </tr>
            <tr id="login.FieldValidations_openApp_byClass_PASS1_row"
                class="testMethodStatusPASS testMethodStatusCONF">
               <td width="100%" class="firstMethodCell">
                  <a onclick="toggleDetailsVisibility('login.FieldValidations_openApp_byClass_PASS1_details')">openApp()</a>
               </td>
               <td nowrap="true">12:21:16</td>
               <td nowrap="true" align="right">7s
                  
               </td>
               <td nowrap="true">
                   
                  
               </td>
            </tr>
            <tr>
               <td colspan="4" class="detailsBox">
                  <div id="login.FieldValidations_openApp_byClass_PASS1_details"
                       class="testMethodDetails">
                     <div>
                        <b>Name: </b>openApp
                     </div>
                     <div>
                        <b>Signature: </b>openApp()[pri:0, instance:login.FieldValidations@28d25987]
                     </div>
                     <div>
                        <b>Start time: </b>12:21:16
                     </div>
                     <div>
                        <b>End time: </b>12:21:23
                     </div>
                     <div>
                        <b>Duration: </b>7s
                        
                     </div>
                  </div>
               </td>
            </tr>
            <tr></tr>
            <tr id="login.FieldValidations_submit_InvalidPhoneNumber_byClass_PASS2_row"
                class="testMethodStatusPASS">
               <td width="100%" class="firstMethodCell">
                  <a onclick="toggleDetailsVisibility('login.FieldValidations_submit_InvalidPhoneNumber_byClass_PASS2_details')">submit_InvalidPhoneNumber()</a>
               </td>
               <td nowrap="true">12:21:23</td>
               <td nowrap="true" align="right">765 ms
                  
               </td>
               <td nowrap="true">
                   
                  
               </td>
            </tr>
            <tr>
               <td colspan="4" class="detailsBox">
                  <div id="login.FieldValidations_submit_InvalidPhoneNumber_byClass_PASS2_details"
                       class="testMethodDetails">
                     <div>
                        <b>Name: </b>submit_InvalidPhoneNumber
                     </div>
                     <div>
                        <b>Signature: </b>submit_InvalidPhoneNumber()[pri:0, instance:login.FieldValidations@28d25987]
                     </div>
                     <div>
                        <b>Start time: </b>12:21:23
                     </div>
                     <div>
                        <b>End time: </b>12:21:24
                     </div>
                     <div>
                        <b>Duration: </b>765 ms
                        
                     </div>
                  </div>
               </td>
            </tr>
            <tr></tr>
            <tr id="login.FieldValidations_verify_PhoneValidationMsg_byClass_PASS3_row"
                class="testMethodStatusPASS">
               <td width="100%" class="firstMethodCell">
                  <a onclick="toggleDetailsVisibility('login.FieldValidations_verify_PhoneValidationMsg_byClass_PASS3_details')">verify_PhoneValidationMsg()</a>
               </td>
               <td nowrap="true">12:21:24</td>
               <td nowrap="true" align="right">109 ms
                  
               </td>
               <td nowrap="true">
                   
                  
               </td>
            </tr>
            <tr>
               <td colspan="4" class="detailsBox">
                  <div id="login.FieldValidations_verify_PhoneValidationMsg_byClass_PASS3_details"
                       class="testMethodDetails">
                     <div>
                        <b>Name: </b>verify_PhoneValidationMsg
                     </div>
                     <div>
                        <b>Signature: </b>verify_PhoneValidationMsg()[pri:1, instance:login.FieldValidations@28d25987]
                     </div>
                     <div>
                        <b>Start time: </b>12:21:24
                     </div>
                     <div>
                        <b>End time: </b>12:21:24
                     </div>
                     <div>
                        <b>Duration: </b>109 ms
                        
                     </div>
                  </div>
               </td>
            </tr>
            <tr></tr>
            <tr id="login.FieldValidations_navigate_OTPScreen_byClass_PASS4_row"
                class="testMethodStatusPASS">
               <td width="100%" class="firstMethodCell">
                  <a onclick="toggleDetailsVisibility('login.FieldValidations_navigate_OTPScreen_byClass_PASS4_details')">navigate_OTPScreen()</a>
               </td>
               <td nowrap="true">12:21:24</td>
               <td nowrap="true" align="right">2s
                  
               </td>
               <td nowrap="true">
                   
                  
               </td>
            </tr>
            <tr>
               <td colspan="4" class="detailsBox">
                  <div id="login.FieldValidations_navigate_OTPScreen_byClass_PASS4_details"
                       class="testMethodDetails">
                     <div>
                        <b>Name: </b>navigate_OTPScreen
                     </div>
                     <div>
                        <b>Signature: </b>navigate_OTPScreen()[pri:2, instance:login.FieldValidations@28d25987]
                     </div>
                     <div>
                        <b>Start time: </b>12:21:24
                     </div>
                     <div>
                        <b>End time: </b>12:21:26
                     </div>
                     <div>
                        <b>Duration: </b>2s
                        
                     </div>
                  </div>
               </td>
            </tr>
            <tr></tr>
            <tr id="login.FieldValidations_submit_InvalidOTP_byClass_PASS5_row"
                class="testMethodStatusPASS">
               <td width="100%" class="firstMethodCell">
                  <a onclick="toggleDetailsVisibility('login.FieldValidations_submit_InvalidOTP_byClass_PASS5_details')">submit_InvalidOTP()</a>
               </td>
               <td nowrap="true">12:21:26</td>
               <td nowrap="true" align="right">1s
                  
               </td>
               <td nowrap="true">
                   
                  
               </td>
            </tr>
            <tr>
               <td colspan="4" class="detailsBox">
                  <div id="login.FieldValidations_submit_InvalidOTP_byClass_PASS5_details"
                       class="testMethodDetails">
                     <div>
                        <b>Name: </b>submit_InvalidOTP
                     </div>
                     <div>
                        <b>Signature: </b>submit_InvalidOTP()[pri:3, instance:login.FieldValidations@28d25987]
                     </div>
                     <div>
                        <b>Start time: </b>12:21:26
                     </div>
                     <div>
                        <b>End time: </b>12:21:28
                     </div>
                     <div>
                        <b>Duration: </b>1s
                        
                     </div>
                  </div>
               </td>
            </tr>
            <tr></tr>
            <tr id="login.FieldValidations_verify_OTPValidationMsg_byClass_PASS6_row"
                class="testMethodStatusPASS">
               <td width="100%" class="firstMethodCell">
                  <a onclick="toggleDetailsVisibility('login.FieldValidations_verify_OTPValidationMsg_byClass_PASS6_details')">verify_OTPValidationMsg()</a>
               </td>
               <td nowrap="true">12:21:28</td>
               <td nowrap="true" align="right">353 ms
                  
               </td>
               <td nowrap="true">
                   
                  
               </td>
            </tr>
            <tr>
               <td colspan="4" class="detailsBox">
                  <div id="login.FieldValidations_verify_OTPValidationMsg_byClass_PASS6_details"
                       class="testMethodDetails">
                     <div>
                        <b>Name: </b>verify_OTPValidationMsg
                     </div>
                     <div>
                        <b>Signature: </b>verify_OTPValidationMsg()[pri:4, instance:login.FieldValidations@28d25987]
                     </div>
                     <div>
                        <b>Start time: </b>12:21:28
                     </div>
                     <div>
                        <b>End time: </b>12:21:28
                     </div>
                     <div>
                        <b>Duration: </b>353 ms
                        
                     </div>
                  </div>
               </td>
            </tr>
            <tr></tr>
            <tr id="login.FieldValidations_valid_OTP_byClass_PASS7_row"
                class="testMethodStatusPASS">
               <td width="100%" class="firstMethodCell">
                  <a onclick="toggleDetailsVisibility('login.FieldValidations_valid_OTP_byClass_PASS7_details')">valid_OTP()</a>
               </td>
               <td nowrap="true">12:21:28</td>
               <td nowrap="true" align="right">1s
                  
               </td>
               <td nowrap="true">
                   
                  
               </td>
            </tr>
            <tr>
               <td colspan="4" class="detailsBox">
                  <div id="login.FieldValidations_valid_OTP_byClass_PASS7_details"
                       class="testMethodDetails">
                     <div>
                        <b>Name: </b>valid_OTP
                     </div>
                     <div>
                        <b>Signature: </b>valid_OTP()[pri:5, instance:login.FieldValidations@28d25987]
                     </div>
                     <div>
                        <b>Start time: </b>12:21:28
                     </div>
                     <div>
                        <b>End time: </b>12:21:30
                     </div>
                     <div>
                        <b>Duration: </b>1s
                        
                     </div>
                  </div>
               </td>
            </tr>
            <tr></tr>
         </table>
         <br></br>
         <table class="testMethodsTable" cellpadding="0" cellspacing="0">
            <tr>
               <td colspan="4">
                  <h3 style="display: inline;">login.Login</h3>
               </td>
            </tr>
            <tr class="methodsTableHeader">
               <td width="100%">Name</td>
               <td nowrap="true">Started</td>
               <td nowrap="true">Duration</td>
               <td>Exception</td>
            </tr>
            <tr id="login.Login_openBrowser_byClass_PASS1_row"
                class="testMethodStatusPASS testMethodStatusCONF">
               <td width="100%" class="firstMethodCell">
                  <a onclick="toggleDetailsVisibility('login.Login_openBrowser_byClass_PASS1_details')">openBrowser()</a>
               </td>
               <td nowrap="true">12:20:40</td>
               <td nowrap="true" align="right">3s
                  
               </td>
               <td nowrap="true">
                   
                  
               </td>
            </tr>
            <tr>
               <td colspan="4" class="detailsBox">
                  <div id="login.Login_openBrowser_byClass_PASS1_details" class="testMethodDetails">
                     <div>
                        <b>Name: </b>openBrowser
                     </div>
                     <div>
                        <b>Signature: </b>openBrowser()[pri:0, instance:login.Login@6cc4c815]
                     </div>
                     <div>
                        <b>Start time: </b>12:20:40
                     </div>
                     <div>
                        <b>End time: </b>12:20:44
                     </div>
                     <div>
                        <b>Duration: </b>3s
                        
                     </div>
                  </div>
               </td>
            </tr>
            <tr></tr>
            <tr id="login.Login_navigate_byClass_PASS2_row" class="testMethodStatusPASS">
               <td width="100%" class="firstMethodCell">
                  <a onclick="toggleDetailsVisibility('login.Login_navigate_byClass_PASS2_details')">navigate()</a>
               </td>
               <td nowrap="true">12:20:44</td>
               <td nowrap="true" align="right">4s
                  
               </td>
               <td nowrap="true">
                   
                  
               </td>
            </tr>
            <tr>
               <td colspan="4" class="detailsBox">
                  <div id="login.Login_navigate_byClass_PASS2_details" class="testMethodDetails">
                     <div>
                        <b>Name: </b>navigate
                     </div>
                     <div>
                        <b>Signature: </b>navigate()[pri:0, instance:login.Login@6cc4c815]
                     </div>
                     <div>
                        <b>Start time: </b>12:20:44
                     </div>
                     <div>
                        <b>End time: </b>12:20:48
                     </div>
                     <div>
                        <b>Duration: </b>4s
                        
                     </div>
                  </div>
               </td>
            </tr>
            <tr></tr>
            <tr id="login.Login_input_PhoneNumber_byClass_PASS3_row"
                class="testMethodStatusPASS">
               <td width="100%" class="firstMethodCell">
                  <a onclick="toggleDetailsVisibility('login.Login_input_PhoneNumber_byClass_PASS3_details')">input_PhoneNumber()</a>
               </td>
               <td nowrap="true">12:20:48</td>
               <td nowrap="true" align="right">455 ms
                  
               </td>
               <td nowrap="true">
                   
                  
               </td>
            </tr>
            <tr>
               <td colspan="4" class="detailsBox">
                  <div id="login.Login_input_PhoneNumber_byClass_PASS3_details"
                       class="testMethodDetails">
                     <div>
                        <b>Name: </b>input_PhoneNumber
                     </div>
                     <div>
                        <b>Signature: </b>input_PhoneNumber()[pri:1, instance:login.Login@6cc4c815]
                     </div>
                     <div>
                        <b>Start time: </b>12:20:48
                     </div>
                     <div>
                        <b>End time: </b>12:20:49
                     </div>
                     <div>
                        <b>Duration: </b>455 ms
                        
                     </div>
                  </div>
               </td>
            </tr>
            <tr></tr>
            <tr id="login.Login_click_Submit_byClass_PASS4_row" class="testMethodStatusPASS">
               <td width="100%" class="firstMethodCell">
                  <a onclick="toggleDetailsVisibility('login.Login_click_Submit_byClass_PASS4_details')">click_Submit()</a>
               </td>
               <td nowrap="true">12:20:49</td>
               <td nowrap="true" align="right">1s
                  
               </td>
               <td nowrap="true">
                   
                  
               </td>
            </tr>
            <tr>
               <td colspan="4" class="detailsBox">
                  <div id="login.Login_click_Submit_byClass_PASS4_details" class="testMethodDetails">
                     <div>
                        <b>Name: </b>click_Submit
                     </div>
                     <div>
                        <b>Signature: </b>click_Submit()[pri:2, instance:login.Login@6cc4c815]
                     </div>
                     <div>
                        <b>Start time: </b>12:20:49
                     </div>
                     <div>
                        <b>End time: </b>12:20:50
                     </div>
                     <div>
                        <b>Duration: </b>1s
                        
                     </div>
                  </div>
               </td>
            </tr>
            <tr></tr>
            <tr id="login.Login_input_OTP_byClass_PASS5_row" class="testMethodStatusPASS">
               <td width="100%" class="firstMethodCell">
                  <a onclick="toggleDetailsVisibility('login.Login_input_OTP_byClass_PASS5_details')">input_OTP()</a>
               </td>
               <td nowrap="true">12:20:50</td>
               <td nowrap="true" align="right">153 ms
                  
               </td>
               <td nowrap="true">
                   
                  
               </td>
            </tr>
            <tr>
               <td colspan="4" class="detailsBox">
                  <div id="login.Login_input_OTP_byClass_PASS5_details" class="testMethodDetails">
                     <div>
                        <b>Name: </b>input_OTP
                     </div>
                     <div>
                        <b>Signature: </b>input_OTP()[pri:3, instance:login.Login@6cc4c815]
                     </div>
                     <div>
                        <b>Start time: </b>12:20:50
                     </div>
                     <div>
                        <b>End time: </b>12:20:50
                     </div>
                     <div>
                        <b>Duration: </b>153 ms
                        
                     </div>
                  </div>
               </td>
            </tr>
            <tr></tr>
            <tr id="login.Login_click_OTPSubmit_byClass_PASS6_row" class="testMethodStatusPASS">
               <td width="100%" class="firstMethodCell">
                  <a onclick="toggleDetailsVisibility('login.Login_click_OTPSubmit_byClass_PASS6_details')">click_OTPSubmit()</a>
               </td>
               <td nowrap="true">12:20:50</td>
               <td nowrap="true" align="right">973 ms
                  
               </td>
               <td nowrap="true">
                   
                  
               </td>
            </tr>
            <tr>
               <td colspan="4" class="detailsBox">
                  <div id="login.Login_click_OTPSubmit_byClass_PASS6_details"
                       class="testMethodDetails">
                     <div>
                        <b>Name: </b>click_OTPSubmit
                     </div>
                     <div>
                        <b>Signature: </b>click_OTPSubmit()[pri:4, instance:login.Login@6cc4c815]
                     </div>
                     <div>
                        <b>Start time: </b>12:20:50
                     </div>
                     <div>
                        <b>End time: </b>12:20:51
                     </div>
                     <div>
                        <b>Duration: </b>973 ms
                        
                     </div>
                  </div>
               </td>
            </tr>
            <tr></tr>
            <tr id="login.Login_click_Consignor_byClass_PASS7_row" class="testMethodStatusPASS">
               <td width="100%" class="firstMethodCell">
                  <a onclick="toggleDetailsVisibility('login.Login_click_Consignor_byClass_PASS7_details')">click_Consignor()</a>
               </td>
               <td nowrap="true">12:20:51</td>
               <td nowrap="true" align="right">6s
                  
               </td>
               <td nowrap="true">
                   
                  
               </td>
            </tr>
            <tr>
               <td colspan="4" class="detailsBox">
                  <div id="login.Login_click_Consignor_byClass_PASS7_details"
                       class="testMethodDetails">
                     <div>
                        <b>Name: </b>click_Consignor
                     </div>
                     <div>
                        <b>Signature: </b>click_Consignor()[pri:5, instance:login.Login@6cc4c815]
                     </div>
                     <div>
                        <b>Start time: </b>12:20:51
                     </div>
                     <div>
                        <b>End time: </b>12:20:58
                     </div>
                     <div>
                        <b>Duration: </b>6s
                        
                     </div>
                  </div>
               </td>
            </tr>
            <tr></tr>
         </table>
         <br></br>
      </div>
      <div style="margin-top: 15px; color: gray; text-align: center; font-size: 9px;">
         Generated with
         
         <a href="http://code.google.com/p/testng-xslt/" style="color: #8888aa;"
            target="_blank">
            TestNG XSLT
            
         </a>
      </div>
   </body>
</html>